[ 2019-06-09T14:13:34+08:00 ] 127.0.0.1 /
INFO: [ app_init ] --START--
INFO: Run Behavior\BuildLiteBehavior [ RunTime:0.000111s ]
INFO: [ app_init ] --END-- [ RunTime:0.002281s ]
INFO: [ app_begin ] --START--
INFO: Run Behavior\ReadHtmlCacheBehavior [ RunTime:0.001691s ]
INFO: [ app_begin ] --END-- [ RunTime:0.001907s ]
SQL: SHOW COLUMNS FROM `blue_config` [ RunTime:0.0063s ]
SQL: SELECT * FROM `blue_config`  [ RunTime:0.0015s ]

[ 2019-06-09T14:13:34+08:00 ] 127.0.0.1 /admin/Login/index.html
INFO: [ app_init ] --START--
INFO: Run Behavior\BuildLiteBehavior [ RunTime:0.000010s ]
INFO: [ app_init ] --END-- [ RunTime:0.000282s ]
INFO: [ app_begin ] --START--
INFO: Run Behavior\ReadHtmlCacheBehavior [ RunTime:0.000427s ]
INFO: [ app_begin ] --END-- [ RunTime:0.000473s ]
SQL: SHOW COLUMNS FROM `blue_config` [ RunTime:0.0073s ]
SQL: SELECT * FROM `blue_config`  [ RunTime:0.0005s ]
INFO: [ view_parse ] --START--
INFO: [ template_filter ] --START--
INFO: Run Behavior\ContentReplaceBehavior [ RunTime:0.000340s ]
INFO: [ template_filter ] --END-- [ RunTime:0.000414s ]
INFO: Run Behavior\ParseTemplateBehavior [ RunTime:0.021294s ]
INFO: [ view_parse ] --END-- [ RunTime:0.021371s ]
INFO: [ view_filter ] --START--
INFO: Run Behavior\WriteHtmlCacheBehavior [ RunTime:0.000441s ]
INFO: [ view_filter ] --END-- [ RunTime:0.000498s ]
INFO: [ app_end ] --START--
INFO: Run Behavior\ShowPageTraceBehavior [ RunTime:0.000970s ]
INFO: [ app_end ] --END-- [ RunTime:0.001031s ]

[ 2019-06-09T14:13:36+08:00 ] 127.0.0.1 /admin/Login/checkLogin.html
INFO: [ app_init ] --START--
INFO: Run Behavior\BuildLiteBehavior [ RunTime:0.000012s ]
INFO: [ app_init ] --END-- [ RunTime:0.000298s ]
INFO: [ app_begin ] --START--
INFO: Run Behavior\ReadHtmlCacheBehavior [ RunTime:0.000504s ]
INFO: [ app_begin ] --END-- [ RunTime:0.000571s ]
NOTIC: [2] preg_match(): Delimiter must not be alphanumeric or backslash /Applications/MAMP/htdocs/project/housekeep_sys/App/Common/Common/function.php 第 614 行.
NOTIC: [2] preg_match(): Delimiter must not be alphanumeric or backslash /Applications/MAMP/htdocs/project/housekeep_sys/App/Common/Common/function.php 第 614 行.
SQL: SHOW COLUMNS FROM `blue_config` [ RunTime:0.0112s ]
SQL: SELECT * FROM `blue_config`  [ RunTime:0.0004s ]
SQL: SHOW COLUMNS FROM `blue_admin` [ RunTime:0.0016s ]
SQL: SELECT * FROM `blue_admin` WHERE ( username='admin' ) LIMIT 1   [ RunTime:0.0147s ]

[ 2019-06-09T14:13:36+08:00 ] 127.0.0.1 /admin/Index/index.html
INFO: [ app_init ] --START--
INFO: Run Behavior\BuildLiteBehavior [ RunTime:0.000016s ]
INFO: [ app_init ] --END-- [ RunTime:0.000395s ]
INFO: [ app_begin ] --START--
INFO: Run Behavior\ReadHtmlCacheBehavior [ RunTime:0.000510s ]
INFO: [ app_begin ] --END-- [ RunTime:0.000587s ]
SQL: SHOW COLUMNS FROM `blue_config` [ RunTime:0.0048s ]
SQL: SELECT * FROM `blue_config`  [ RunTime:0.0003s ]
SQL: SHOW COLUMNS FROM `blue_admin` [ RunTime:0.0013s ]
SQL: SELECT * FROM `blue_admin` WHERE ( admin_id='1' ) LIMIT 1   [ RunTime:0.0018s ]
SQL: SELECT `key`,`value` FROM `blue_config`  [ RunTime:0.0011s ]
SQL: SELECT `Nav` FROM `blue_admin` WHERE ( admin_id='1' ) LIMIT 1   [ RunTime:0.0003s ]
SQL: SHOW COLUMNS FROM `blue_nav` [ RunTime:0.0037s ]
SQL: SELECT * FROM `blue_nav` WHERE ( nav_id=1 ) LIMIT 1   [ RunTime:0.0047s ]
SQL: SELECT * FROM `blue_nav` WHERE ( nav_id=4 ) LIMIT 1   [ RunTime:0.0005s ]
SQL: SELECT * FROM `blue_nav` WHERE ( nav_id=7 ) LIMIT 1   [ RunTime:0.0004s ]
SQL: SELECT * FROM `blue_nav` WHERE ( nav_id=8 ) LIMIT 1   [ RunTime:0.0003s ]
SQL: SELECT * FROM `blue_nav` WHERE ( nav_id=15 ) LIMIT 1   [ RunTime:0.0003s ]
SQL: SELECT * FROM `blue_nav` WHERE ( nav_id=12 ) LIMIT 1   [ RunTime:0.0003s ]
SQL: SELECT * FROM `blue_nav` WHERE ( nav_id=16 ) LIMIT 1   [ RunTime:0.0003s ]
SQL: SELECT * FROM `blue_nav` WHERE ( nav_id=23 ) LIMIT 1   [ RunTime:0.0003s ]
SQL: SELECT * FROM `blue_nav` WHERE ( nav_id=18 ) LIMIT 1   [ RunTime:0.0003s ]
SQL: SELECT * FROM `blue_nav` WHERE ( nav_id=41 ) LIMIT 1   [ RunTime:0.0003s ]
SQL: SELECT * FROM `blue_nav` WHERE ( nav_id=17 ) LIMIT 1   [ RunTime:0.0004s ]
SQL: SELECT * FROM `blue_nav` WHERE ( nav_id=50 ) LIMIT 1   [ RunTime:0.0003s ]
SQL: SELECT * FROM `blue_nav` WHERE ( nav_id=51 ) LIMIT 1   [ RunTime:0.0004s ]
SQL: SELECT * FROM `blue_nav` WHERE ( nav_id=52 ) LIMIT 1   [ RunTime:0.0004s ]
SQL: SELECT * FROM `blue_nav` WHERE ( nav_id=53 ) LIMIT 1   [ RunTime:0.0003s ]
SQL: SELECT * FROM `blue_nav` WHERE ( nav_id=54 ) LIMIT 1   [ RunTime:0.0004s ]
SQL: SELECT * FROM `blue_nav` WHERE ( nav_id=57 ) LIMIT 1   [ RunTime:0.0004s ]
SQL: SELECT * FROM `blue_nav` WHERE ( nav_id=58 ) LIMIT 1   [ RunTime:0.0004s ]
SQL: SELECT * FROM `blue_nav` WHERE ( nav_id=59 ) LIMIT 1   [ RunTime:0.0003s ]
SQL: SELECT * FROM `blue_nav` WHERE ( nav_id=60 ) LIMIT 1   [ RunTime:0.0003s ]
SQL: SELECT * FROM `blue_nav` WHERE ( nav_id=69 ) LIMIT 1   [ RunTime:0.0003s ]
SQL: SELECT * FROM `blue_nav` WHERE ( nav_id=19 ) LIMIT 1   [ RunTime:0.0003s ]
SQL: SELECT * FROM `blue_nav` WHERE ( nav_id=89 ) LIMIT 1   [ RunTime:0.0003s ]
INFO: [ view_parse ] --START--
INFO: [ template_filter ] --START--
INFO: Run Behavior\ContentReplaceBehavior [ RunTime:0.000292s ]
INFO: [ template_filter ] --END-- [ RunTime:0.000337s ]
NOTIC: [8] Undefined variable: list /Applications/MAMP/htdocs/project/housekeep_sys/App/Runtime/Cache/Admin/9df924d9a2d217daa77a359c5bee0c33.php 第 150 行.
NOTIC: [8] Undefined variable: empty /Applications/MAMP/htdocs/project/housekeep_sys/App/Runtime/Cache/Admin/9df924d9a2d217daa77a359c5bee0c33.php 第 167 行.
NOTIC: [8] Undefined index: xnb /Applications/MAMP/htdocs/project/housekeep_sys/App/Runtime/Cache/Admin/9df924d9a2d217daa77a359c5bee0c33.php 第 196 行.
NOTIC: [8] Undefined index: xnb /Applications/MAMP/htdocs/project/housekeep_sys/App/Runtime/Cache/Admin/9df924d9a2d217daa77a359c5bee0c33.php 第 198 行.
NOTIC: [8] Use of undefined constant mysqlnd - assumed 'mysqlnd' /Applications/MAMP/htdocs/project/housekeep_sys/App/Runtime/Cache/Admin/9df924d9a2d217daa77a359c5bee0c33.php 第 230 行.
INFO: Run Behavior\ParseTemplateBehavior [ RunTime:0.035370s ]
INFO: [ view_parse ] --END-- [ RunTime:0.035436s ]
INFO: [ view_filter ] --START--
INFO: Run Behavior\WriteHtmlCacheBehavior [ RunTime:0.000244s ]
INFO: [ view_filter ] --END-- [ RunTime:0.000285s ]
INFO: [ app_end ] --START--
INFO: Run Behavior\ShowPageTraceBehavior [ RunTime:0.000674s ]
INFO: [ app_end ] --END-- [ RunTime:0.000753s ]

[ 2019-06-09T14:26:08+08:00 ] 127.0.0.1 /admin/Api/subRecommendData?train_name=1&train_phone=2&recommend_name=3&recommend_phone=4&recommend_wx=5&recommend_zfb=6&recommend_bank=7&type=2
INFO: [ app_init ] --START--
INFO: Run Behavior\BuildLiteBehavior [ RunTime:0.000013s ]
INFO: [ app_init ] --END-- [ RunTime:0.000393s ]
INFO: [ app_begin ] --START--
INFO: Run Behavior\ReadHtmlCacheBehavior [ RunTime:0.000566s ]
INFO: [ app_begin ] --END-- [ RunTime:0.000616s ]
SQL: SHOW COLUMNS FROM `blue_recommend_record` [ RunTime:0.0119s ]
SQL: INSERT INTO `blue_recommend_record` (`train_name`,`train_phone`,`recommend_name`,`recommend_phone`,`recommend_wx`,`recommend_zfb`,`recommend_bank`,`type`,`sub_time`) VALUES ('1','2','3','4','5','6','7','2','1560061568') [ RunTime:0.0035s ]

[ 2019-06-09T14:27:38+08:00 ] 127.0.0.1 /admin/Api/subRecommendData?train_name=1&train_phone=2&recommend_name=3&recommend_phone=4&recommend_wx=5&recommend_zfb=6&recommend_bank=7&type=2&open_id=undefined&op_name=%F0%9F%98%82%F0%9F%92%AA%F0%9F%91%8D%E9%9B%AA%E4%B8%AD%E8%A1%8C%E8%80%85
INFO: [ app_init ] --START--
INFO: Run Behavior\BuildLiteBehavior [ RunTime:0.000025s ]
INFO: [ app_init ] --END-- [ RunTime:0.000834s ]
INFO: [ app_begin ] --START--
INFO: Run Behavior\ReadHtmlCacheBehavior [ RunTime:0.000987s ]
INFO: [ app_begin ] --END-- [ RunTime:0.001071s ]
SQL: SHOW COLUMNS FROM `blue_recommend_record` [ RunTime:0.0022s ]
SQL: INSERT INTO `blue_recommend_record` (`train_name`,`train_phone`,`recommend_name`,`recommend_phone`,`recommend_wx`,`recommend_zfb`,`recommend_bank`,`type`,`open_id`,`op_name`,`sub_time`) VALUES ('1','2','3','4','5','6','7','2','undefined','😂💪👍雪中行者','1560061658') [ RunTime:0.0011s ]

[ 2019-06-09T14:32:09+08:00 ] 127.0.0.1 /admin/Api/subRecommendData?train_name=1&train_phone=2&recommend_name=3&recommend_phone=4&recommend_wx=5&recommend_zfb=6&recommend_bank=7&type=2&open_id=undefined&op_name=%F0%9F%98%82%F0%9F%92%AA%F0%9F%91%8D%E9%9B%AA%E4%B8%AD%E8%A1%8C%E8%80%85
INFO: [ app_init ] --START--
INFO: Run Behavior\BuildLiteBehavior [ RunTime:0.000025s ]
INFO: [ app_init ] --END-- [ RunTime:0.001563s ]
INFO: [ app_begin ] --START--
INFO: Run Behavior\ReadHtmlCacheBehavior [ RunTime:0.000920s ]
INFO: [ app_begin ] --END-- [ RunTime:0.001021s ]
SQL: SHOW COLUMNS FROM `blue_recommend_record` [ RunTime:0.0025s ]
NOTIC: [8] Undefined index: op_man /Applications/MAMP/htdocs/project/housekeep_sys/App/Admin/Controller/ApiController.class.php 第 241 行.
SQL: INSERT INTO `blue_recommend_record` (`train_name`,`train_phone`,`recommend_name`,`recommend_phone`,`recommend_wx`,`recommend_zfb`,`recommend_bank`,`type`,`open_id`,`op_name`,`sub_time`) VALUES ('1','2','3','4','5','6','7','2','undefined','😂💪👍雪中行者','1560061929') [ RunTime:0.0014s ]

[ 2019-06-09T14:33:25+08:00 ] 127.0.0.1 /admin/Api/subRecommendData?train_name=1&train_phone=2&recommend_name=3&recommend_phone=4&recommend_wx=5&recommend_zfb=6&recommend_bank=7&type=2&open_id=undefined&op_name=%F0%9F%98%82%F0%9F%92%AA%F0%9F%91%8D%E9%9B%AA%E4%B8%AD%E8%A1%8C%E8%80%85
INFO: [ app_init ] --START--
INFO: Run Behavior\BuildLiteBehavior [ RunTime:0.000053s ]
INFO: [ app_init ] --END-- [ RunTime:0.002234s ]
INFO: [ app_begin ] --START--
INFO: Run Behavior\ReadHtmlCacheBehavior [ RunTime:0.000935s ]
INFO: [ app_begin ] --END-- [ RunTime:0.001019s ]
SQL: SHOW COLUMNS FROM `blue_recommend_record` [ RunTime:0.0056s ]
SQL: INSERT INTO `blue_recommend_record` (`train_name`,`train_phone`,`recommend_name`,`recommend_phone`,`recommend_wx`,`recommend_zfb`,`recommend_bank`,`type`,`open_id`,`op_name`,`sub_time`) VALUES ('1','2','3','4','5','6','7','2','undefined','\"\\ud83d\\ude02\\ud83d\\udcaa\\ud83d\\udc4d\\u96ea\\u4e2d\\u884c\\u8005\"','1560062005') [ RunTime:0.0008s ]

[ 2019-06-09T14:38:30+08:00 ] 127.0.0.1 /admin/Api/subRecommendData?train_name=1&train_phone=2&recommend_name=3&recommend_phone=4&recommend_wx=5&recommend_zfb=6&recommend_bank=7&type=2&open_id=&op_name=
INFO: [ app_init ] --START--
INFO: Run Behavior\BuildLiteBehavior [ RunTime:0.000050s ]
INFO: [ app_init ] --END-- [ RunTime:0.001389s ]
INFO: [ app_begin ] --START--
INFO: Run Behavior\ReadHtmlCacheBehavior [ RunTime:0.000947s ]
INFO: [ app_begin ] --END-- [ RunTime:0.001030s ]
SQL: SHOW COLUMNS FROM `blue_recommend_record` [ RunTime:0.0042s ]
SQL: INSERT INTO `blue_recommend_record` (`train_name`,`train_phone`,`recommend_name`,`recommend_phone`,`recommend_wx`,`recommend_zfb`,`recommend_bank`,`type`,`open_id`,`op_name`,`sub_time`) VALUES ('1','2','3','4','5','6','7','2','','\"\"','1560062310') [ RunTime:0.0011s ]

[ 2019-06-09T14:45:29+08:00 ] 127.0.0.1 /admin/Api/subRecommendData?train_name=1&train_phone=2&recommend_name=3&recommend_phone=4&recommend_wx=5&recommend_zfb=6&recommend_bank=7&type=2&open_id=undefined&op_name=%F0%9F%98%82%F0%9F%92%AA%F0%9F%91%8D%E9%9B%AA%E4%B8%AD%E8%A1%8C%E8%80%85
INFO: [ app_init ] --START--
INFO: Run Behavior\BuildLiteBehavior [ RunTime:0.000058s ]
INFO: [ app_init ] --END-- [ RunTime:0.002080s ]
INFO: [ app_begin ] --START--
INFO: Run Behavior\ReadHtmlCacheBehavior [ RunTime:0.000856s ]
INFO: [ app_begin ] --END-- [ RunTime:0.000933s ]
SQL: SHOW COLUMNS FROM `blue_recommend_record` [ RunTime:0.0022s ]
SQL: INSERT INTO `blue_recommend_record` (`train_name`,`train_phone`,`recommend_name`,`recommend_phone`,`recommend_wx`,`recommend_zfb`,`recommend_bank`,`type`,`open_id`,`op_name`,`sub_time`) VALUES ('1','2','3','4','5','6','7','2','undefined','\"\\ud83d\\ude02\\ud83d\\udcaa\\ud83d\\udc4d\\u96ea\\u4e2d\\u884c\\u8005\"','1560062729') [ RunTime:0.0010s ]

[ 2019-06-09T14:47:21+08:00 ] 127.0.0.1 /admin/Api/subRecommendData?train_name=1&train_phone=2&recommend_name=3&recommend_phone=4&recommend_wx=5&recommend_zfb=6&recommend_bank=7&type=2&open_id=undefined&op_name=%F0%9F%98%82%F0%9F%92%AA%F0%9F%91%8D%E9%9B%AA%E4%B8%AD%E8%A1%8C%E8%80%85
INFO: [ app_init ] --START--
INFO: Run Behavior\BuildLiteBehavior [ RunTime:0.000018s ]
INFO: [ app_init ] --END-- [ RunTime:0.001046s ]
INFO: [ app_begin ] --START--
INFO: Run Behavior\ReadHtmlCacheBehavior [ RunTime:0.000739s ]
INFO: [ app_begin ] --END-- [ RunTime:0.000827s ]
SQL: SHOW COLUMNS FROM `blue_recommend_record` [ RunTime:0.0045s ]
SQL: INSERT INTO `blue_recommend_record` (`train_name`,`train_phone`,`recommend_name`,`recommend_phone`,`recommend_wx`,`recommend_zfb`,`recommend_bank`,`type`,`open_id`,`op_name`,`sub_time`) VALUES ('1','2','3','4','5','6','7','2','undefined','\"\\ud83d\\ude02\\ud83d\\udcaa\\ud83d\\udc4d\\u96ea\\u4e2d\\u884c\\u8005\"','1560062841') [ RunTime:0.0007s ]

[ 2019-06-09T14:47:59+08:00 ] 127.0.0.1 /admin/Api/subRecommendData?train_name=1&train_phone=2&recommend_name=3&recommend_phone=4&recommend_wx=5&recommend_zfb=6&recommend_bank=7&type=2&open_id=&op_name=
INFO: [ app_init ] --START--
INFO: Run Behavior\BuildLiteBehavior [ RunTime:0.000017s ]
INFO: [ app_init ] --END-- [ RunTime:0.001003s ]
INFO: [ app_begin ] --START--
INFO: Run Behavior\ReadHtmlCacheBehavior [ RunTime:0.000910s ]
INFO: [ app_begin ] --END-- [ RunTime:0.000989s ]
SQL: SHOW COLUMNS FROM `blue_recommend_record` [ RunTime:0.0014s ]
SQL: INSERT INTO `blue_recommend_record` (`train_name`,`train_phone`,`recommend_name`,`recommend_phone`,`recommend_wx`,`recommend_zfb`,`recommend_bank`,`type`,`open_id`,`op_name`,`sub_time`) VALUES ('1','2','3','4','5','6','7','2','','\"\"','1560062879') [ RunTime:0.0005s ]

[ 2019-06-09T14:48:05+08:00 ] 127.0.0.1 /admin/Api/subRecommendData?train_name=1&train_phone=2&recommend_name=3&recommend_phone=4&recommend_wx=5&recommend_zfb=6&recommend_bank=7&type=2&open_id=o7A4s5H5bSjUtgqNTDsO6BXivLVg&op_name=%F0%9F%98%82%F0%9F%92%AA%F0%9F%91%8D%E9%9B%AA%E4%B8%AD%E8%A1%8C%E8%80%85
INFO: [ app_init ] --START--
INFO: Run Behavior\BuildLiteBehavior [ RunTime:0.000012s ]
INFO: [ app_init ] --END-- [ RunTime:0.000348s ]
INFO: [ app_begin ] --START--
INFO: Run Behavior\ReadHtmlCacheBehavior [ RunTime:0.001249s ]
INFO: [ app_begin ] --END-- [ RunTime:0.001347s ]
SQL: SHOW COLUMNS FROM `blue_recommend_record` [ RunTime:0.0019s ]
SQL: INSERT INTO `blue_recommend_record` (`train_name`,`train_phone`,`recommend_name`,`recommend_phone`,`recommend_wx`,`recommend_zfb`,`recommend_bank`,`type`,`open_id`,`op_name`,`sub_time`) VALUES ('1','2','3','4','5','6','7','2','o7A4s5H5bSjUtgqNTDsO6BXivLVg','\"\\ud83d\\ude02\\ud83d\\udcaa\\ud83d\\udc4d\\u96ea\\u4e2d\\u884c\\u8005\"','1560062885') [ RunTime:0.0015s ]

[ 2019-06-09T14:48:34+08:00 ] 127.0.0.1 /admin/Api/subRecommendData?train_name=1&train_phone=2&recommend_name=3&recommend_phone=4&recommend_wx=5&recommend_zfb=6&recommend_bank=7&type=2&open_id=o7A4s5H5bSjUtgqNTDsO6BXivLVg&op_name=%F0%9F%98%82%F0%9F%92%AA%F0%9F%91%8D%E9%9B%AA%E4%B8%AD%E8%A1%8C%E8%80%85
INFO: [ app_init ] --START--
INFO: Run Behavior\BuildLiteBehavior [ RunTime:0.000017s ]
INFO: [ app_init ] --END-- [ RunTime:0.001265s ]
INFO: [ app_begin ] --START--
INFO: Run Behavior\ReadHtmlCacheBehavior [ RunTime:0.000954s ]
INFO: [ app_begin ] --END-- [ RunTime:0.001052s ]
SQL: SHOW COLUMNS FROM `blue_recommend_record` [ RunTime:0.0024s ]
SQL: INSERT INTO `blue_recommend_record` (`train_name`,`train_phone`,`recommend_name`,`recommend_phone`,`recommend_wx`,`recommend_zfb`,`recommend_bank`,`type`,`open_id`,`op_name`,`sub_time`) VALUES ('1','2','3','4','5','6','7','2','o7A4s5H5bSjUtgqNTDsO6BXivLVg','\"\\ud83d\\ude02\\ud83d\\udcaa\\ud83d\\udc4d\\u96ea\\u4e2d\\u884c\\u8005\"','1560062914') [ RunTime:0.0013s ]

[ 2019-06-09T14:49:37+08:00 ] 127.0.0.1 /admin/Api/subRecommendData?train_name=1&train_phone=2&recommend_name=3&recommend_phone=4&recommend_wx=5&recommend_zfb=6&recommend_bank=7&type=2&open_id=&op_name=
INFO: [ app_init ] --START--
INFO: Run Behavior\BuildLiteBehavior [ RunTime:0.000022s ]
INFO: [ app_init ] --END-- [ RunTime:0.000641s ]
INFO: [ app_begin ] --START--
INFO: Run Behavior\ReadHtmlCacheBehavior [ RunTime:0.000657s ]
INFO: [ app_begin ] --END-- [ RunTime:0.000728s ]
SQL: SHOW COLUMNS FROM `blue_recommend_record` [ RunTime:0.0023s ]
SQL: INSERT INTO `blue_recommend_record` (`train_name`,`train_phone`,`recommend_name`,`recommend_phone`,`recommend_wx`,`recommend_zfb`,`recommend_bank`,`type`,`open_id`,`op_name`,`sub_time`) VALUES ('1','2','3','4','5','6','7','2','','\"\"','1560062977') [ RunTime:0.0008s ]

[ 2019-06-09T14:50:35+08:00 ] 127.0.0.1 /admin/Api/subRecommendData?train_name=1&train_phone=2&recommend_name=3&recommend_phone=4&recommend_wx=5&recommend_zfb=6&recommend_bank=7&type=2&open_id=o7A4s5H5bSjUtgqNTDsO6BXivLVg&op_name=%F0%9F%98%82%F0%9F%92%AA%F0%9F%91%8D%E9%9B%AA%E4%B8%AD%E8%A1%8C%E8%80%85
INFO: [ app_init ] --START--
INFO: Run Behavior\BuildLiteBehavior [ RunTime:0.000012s ]
INFO: [ app_init ] --END-- [ RunTime:0.000408s ]
INFO: [ app_begin ] --START--
INFO: Run Behavior\ReadHtmlCacheBehavior [ RunTime:0.001912s ]
INFO: [ app_begin ] --END-- [ RunTime:0.002118s ]
SQL: SHOW COLUMNS FROM `blue_recommend_record` [ RunTime:0.0027s ]
SQL: INSERT INTO `blue_recommend_record` (`train_name`,`train_phone`,`recommend_name`,`recommend_phone`,`recommend_wx`,`recommend_zfb`,`recommend_bank`,`type`,`open_id`,`op_name`,`sub_time`) VALUES ('1','2','3','4','5','6','7','2','o7A4s5H5bSjUtgqNTDsO6BXivLVg','\"\\ud83d\\ude02\\ud83d\\udcaa\\ud83d\\udc4d\\u96ea\\u4e2d\\u884c\\u8005\"','1560063035') [ RunTime:0.0008s ]

[ 2019-06-09T15:18:50+08:00 ] 127.0.0.1 /admin/Api/subRecommendData?train_name=1&train_phone=2&recommend_name=3&recommend_phone=4&recommend_wx=5&recommend_zfb=6&recommend_bank=7&type=1&open_id=undefined&op_name=%F0%9F%98%82%F0%9F%92%AA%F0%9F%91%8D%E9%9B%AA%E4%B8%AD%E8%A1%8C%E8%80%85
INFO: [ app_init ] --START--
INFO: Run Behavior\BuildLiteBehavior [ RunTime:0.000015s ]
INFO: [ app_init ] --END-- [ RunTime:0.000680s ]
INFO: [ app_begin ] --START--
INFO: Run Behavior\ReadHtmlCacheBehavior [ RunTime:0.001538s ]
INFO: [ app_begin ] --END-- [ RunTime:0.001656s ]
SQL: SHOW COLUMNS FROM `blue_recommend_record` [ RunTime:0.0030s ]
SQL: INSERT INTO `blue_recommend_record` (`train_name`,`train_phone`,`recommend_name`,`recommend_phone`,`recommend_wx`,`recommend_zfb`,`recommend_bank`,`type`,`open_id`,`op_name`,`sub_time`) VALUES ('1','2','3','4','5','6','7','1','undefined','\"\\ud83d\\ude02\\ud83d\\udcaa\\ud83d\\udc4d\\u96ea\\u4e2d\\u884c\\u8005\"','1560064730') [ RunTime:0.0033s ]

[ 2019-06-09T15:19:01+08:00 ] 127.0.0.1 /admin/Api/subRecommendData?train_name=1&train_phone=2&recommend_name=3&recommend_phone=4&recommend_wx=5&recommend_zfb=6&recommend_bank=7&type=1&open_id=o7A4s5H5bSjUtgqNTDsO6BXivLVg&op_name=%F0%9F%98%82%F0%9F%92%AA%F0%9F%91%8D%E9%9B%AA%E4%B8%AD%E8%A1%8C%E8%80%85
INFO: [ app_init ] --START--
INFO: Run Behavior\BuildLiteBehavior [ RunTime:0.000015s ]
INFO: [ app_init ] --END-- [ RunTime:0.000554s ]
INFO: [ app_begin ] --START--
INFO: Run Behavior\ReadHtmlCacheBehavior [ RunTime:0.000699s ]
INFO: [ app_begin ] --END-- [ RunTime:0.000771s ]
SQL: SHOW COLUMNS FROM `blue_recommend_record` [ RunTime:0.0016s ]
SQL: INSERT INTO `blue_recommend_record` (`train_name`,`train_phone`,`recommend_name`,`recommend_phone`,`recommend_wx`,`recommend_zfb`,`recommend_bank`,`type`,`open_id`,`op_name`,`sub_time`) VALUES ('1','2','3','4','5','6','7','1','o7A4s5H5bSjUtgqNTDsO6BXivLVg','\"\\ud83d\\ude02\\ud83d\\udcaa\\ud83d\\udc4d\\u96ea\\u4e2d\\u884c\\u8005\"','1560064741') [ RunTime:0.0006s ]

[ 2019-06-09T15:29:27+08:00 ] 127.0.0.1 /admin/Api/getPubTaskList
INFO: [ app_init ] --START--
INFO: Run Behavior\BuildLiteBehavior [ RunTime:0.000017s ]
INFO: [ app_init ] --END-- [ RunTime:0.000670s ]
INFO: [ app_begin ] --START--
INFO: Run Behavior\ReadHtmlCacheBehavior [ RunTime:0.000743s ]
INFO: [ app_begin ] --END-- [ RunTime:0.000832s ]
SQL: SHOW COLUMNS FROM `blue_pub_task` [ RunTime:0.0060s ]
SQL: SELECT * FROM `blue_pub_task` WHERE `status` = 1  [ RunTime:0.0026s ]

[ 2019-06-09T15:32:39+08:00 ] 127.0.0.1 /admin/Api/getPubTaskList
INFO: [ app_init ] --START--
INFO: Run Behavior\BuildLiteBehavior [ RunTime:0.000023s ]
INFO: [ app_init ] --END-- [ RunTime:0.000850s ]
INFO: [ app_begin ] --START--
INFO: Run Behavior\ReadHtmlCacheBehavior [ RunTime:0.002878s ]
INFO: [ app_begin ] --END-- [ RunTime:0.003038s ]
SQL: SHOW COLUMNS FROM `blue_pub_task` [ RunTime:0.0035s ]
SQL: SELECT * FROM `blue_pub_task` WHERE `status` = 1  [ RunTime:0.0008s ]

[ 2019-06-09T15:32:54+08:00 ] 127.0.0.1 /admin/Api/getPubTaskList
INFO: [ app_init ] --START--
INFO: Run Behavior\BuildLiteBehavior [ RunTime:0.000023s ]
INFO: [ app_init ] --END-- [ RunTime:0.000691s ]
INFO: [ app_begin ] --START--
INFO: Run Behavior\ReadHtmlCacheBehavior [ RunTime:0.000632s ]
INFO: [ app_begin ] --END-- [ RunTime:0.000704s ]
SQL: SHOW COLUMNS FROM `blue_pub_task` [ RunTime:0.0026s ]
SQL: SELECT * FROM `blue_pub_task` WHERE `status` = 1  [ RunTime:0.0007s ]

[ 2019-06-09T15:38:42+08:00 ] 127.0.0.1 /admin/Api/getPubTaskList
INFO: [ app_init ] --START--
INFO: Run Behavior\BuildLiteBehavior [ RunTime:0.000026s ]
INFO: [ app_init ] --END-- [ RunTime:0.001097s ]
INFO: [ app_begin ] --START--
INFO: Run Behavior\ReadHtmlCacheBehavior [ RunTime:0.001159s ]
INFO: [ app_begin ] --END-- [ RunTime:0.001246s ]
SQL: SHOW COLUMNS FROM `blue_pub_task` [ RunTime:0.0034s ]
SQL: SELECT * FROM `blue_pub_task` WHERE `status` = 1  [ RunTime:0.0008s ]

[ 2019-06-09T16:03:19+08:00 ] 127.0.0.1 /admin/Api/getPubTaskList
INFO: [ app_init ] --START--
INFO: Run Behavior\BuildLiteBehavior [ RunTime:0.000024s ]
INFO: [ app_init ] --END-- [ RunTime:0.002335s ]
INFO: [ app_begin ] --START--
INFO: Run Behavior\ReadHtmlCacheBehavior [ RunTime:0.000980s ]
INFO: [ app_begin ] --END-- [ RunTime:0.001094s ]
SQL: SHOW COLUMNS FROM `blue_pub_task` [ RunTime:0.0044s ]
SQL: SELECT * FROM `blue_pub_task` WHERE `status` = 1  [ RunTime:0.0007s ]

[ 2019-06-09T16:18:03+08:00 ] 127.0.0.1 /admin/Api/getPubTaskList
INFO: [ app_init ] --START--
INFO: Run Behavior\BuildLiteBehavior [ RunTime:0.000027s ]
INFO: [ app_init ] --END-- [ RunTime:0.001077s ]
INFO: [ app_begin ] --START--
INFO: Run Behavior\ReadHtmlCacheBehavior [ RunTime:0.001019s ]
INFO: [ app_begin ] --END-- [ RunTime:0.001114s ]
SQL: SHOW COLUMNS FROM `blue_pub_task` [ RunTime:0.0036s ]
SQL: SELECT * FROM `blue_pub_task` WHERE `status` = 1  [ RunTime:0.0006s ]

[ 2019-06-09T16:18:12+08:00 ] 127.0.0.1 /admin/Api/getPubTaskList
INFO: [ app_init ] --START--
INFO: Run Behavior\BuildLiteBehavior [ RunTime:0.000022s ]
INFO: [ app_init ] --END-- [ RunTime:0.000888s ]
INFO: [ app_begin ] --START--
INFO: Run Behavior\ReadHtmlCacheBehavior [ RunTime:0.000759s ]
INFO: [ app_begin ] --END-- [ RunTime:0.000840s ]
SQL: SHOW COLUMNS FROM `blue_pub_task` [ RunTime:0.0039s ]
SQL: SELECT * FROM `blue_pub_task` WHERE `status` = 1  [ RunTime:0.0007s ]

[ 2019-06-09T16:32:14+08:00 ] 127.0.0.1 /admin/Api/getPubTaskList
INFO: [ app_init ] --START--
INFO: Run Behavior\BuildLiteBehavior [ RunTime:0.000023s ]
INFO: [ app_init ] --END-- [ RunTime:0.000965s ]
INFO: [ app_begin ] --START--
INFO: Run Behavior\ReadHtmlCacheBehavior [ RunTime:0.001097s ]
INFO: [ app_begin ] --END-- [ RunTime:0.001179s ]
SQL: SHOW COLUMNS FROM `blue_pub_task` [ RunTime:0.0031s ]
SQL: SELECT * FROM `blue_pub_task` WHERE `status` = 1  [ RunTime:0.0006s ]

[ 2019-06-09T16:38:37+08:00 ] 127.0.0.1 /admin/Api/getPubTaskList
INFO: [ app_init ] --START--
INFO: Run Behavior\BuildLiteBehavior [ RunTime:0.000021s ]
INFO: [ app_init ] --END-- [ RunTime:0.000678s ]
INFO: [ app_begin ] --START--
INFO: Run Behavior\ReadHtmlCacheBehavior [ RunTime:0.000501s ]
INFO: [ app_begin ] --END-- [ RunTime:0.000555s ]
SQL: SHOW COLUMNS FROM `blue_pub_task` [ RunTime:0.0026s ]
SQL: SELECT * FROM `blue_pub_task` WHERE `status` = 1  [ RunTime:0.0005s ]

[ 2019-06-09T16:43:53+08:00 ] 127.0.0.1 /admin/Api/getPubTaskList
INFO: [ app_init ] --START--
INFO: Run Behavior\BuildLiteBehavior [ RunTime:0.000106s ]
INFO: [ app_init ] --END-- [ RunTime:0.001440s ]
INFO: [ app_begin ] --START--
INFO: Run Behavior\ReadHtmlCacheBehavior [ RunTime:0.000908s ]
INFO: [ app_begin ] --END-- [ RunTime:0.000989s ]
SQL: SHOW COLUMNS FROM `blue_pub_task` [ RunTime:0.0032s ]
SQL: SELECT * FROM `blue_pub_task` WHERE `status` = 1  [ RunTime:0.0006s ]

[ 2019-06-09T16:44:57+08:00 ] 127.0.0.1 /admin/Api/getPubTaskList
INFO: [ app_init ] --START--
INFO: Run Behavior\BuildLiteBehavior [ RunTime:0.000026s ]
INFO: [ app_init ] --END-- [ RunTime:0.000843s ]
INFO: [ app_begin ] --START--
INFO: Run Behavior\ReadHtmlCacheBehavior [ RunTime:0.002202s ]
INFO: [ app_begin ] --END-- [ RunTime:0.002289s ]
SQL: SHOW COLUMNS FROM `blue_pub_task` [ RunTime:0.0037s ]
SQL: SELECT * FROM `blue_pub_task` WHERE `status` = 1  [ RunTime:0.0006s ]

[ 2019-06-09T16:45:28+08:00 ] 127.0.0.1 /admin/Api/getPubTaskList
INFO: [ app_init ] --START--
INFO: Run Behavior\BuildLiteBehavior [ RunTime:0.000022s ]
INFO: [ app_init ] --END-- [ RunTime:0.000584s ]
INFO: [ app_begin ] --START--
INFO: Run Behavior\ReadHtmlCacheBehavior [ RunTime:0.001086s ]
INFO: [ app_begin ] --END-- [ RunTime:0.001180s ]
SQL: SHOW COLUMNS FROM `blue_pub_task` [ RunTime:0.0031s ]
SQL: SELECT * FROM `blue_pub_task` WHERE `status` = 1  [ RunTime:0.0009s ]

[ 2019-06-09T16:45:30+08:00 ] 127.0.0.1 /admin/Api/getPubTaskList
INFO: [ app_init ] --START--
INFO: Run Behavior\BuildLiteBehavior [ RunTime:0.000020s ]
INFO: [ app_init ] --END-- [ RunTime:0.000468s ]
INFO: [ app_begin ] --START--
INFO: Run Behavior\ReadHtmlCacheBehavior [ RunTime:0.000659s ]
INFO: [ app_begin ] --END-- [ RunTime:0.000737s ]
SQL: SHOW COLUMNS FROM `blue_pub_task` [ RunTime:0.0045s ]
SQL: SELECT * FROM `blue_pub_task` WHERE `status` = 1  [ RunTime:0.0025s ]

[ 2019-06-09T16:58:07+08:00 ] 127.0.0.1 /admin/Api/getPubTaskList
INFO: [ app_init ] --START--
INFO: Run Behavior\BuildLiteBehavior [ RunTime:0.000014s ]
INFO: [ app_init ] --END-- [ RunTime:0.000519s ]
INFO: [ app_begin ] --START--
INFO: Run Behavior\ReadHtmlCacheBehavior [ RunTime:0.000835s ]
INFO: [ app_begin ] --END-- [ RunTime:0.000981s ]
SQL: SHOW COLUMNS FROM `blue_pub_task` [ RunTime:0.0036s ]
SQL: SELECT * FROM `blue_pub_task` WHERE `status` = 1  [ RunTime:0.0008s ]

[ 2019-06-09T17:00:44+08:00 ] 127.0.0.1 /admin/Api/getPubTaskList
INFO: [ app_init ] --START--
INFO: Run Behavior\BuildLiteBehavior [ RunTime:0.000020s ]
INFO: [ app_init ] --END-- [ RunTime:0.000754s ]
INFO: [ app_begin ] --START--
INFO: Run Behavior\ReadHtmlCacheBehavior [ RunTime:0.000913s ]
INFO: [ app_begin ] --END-- [ RunTime:0.000991s ]
SQL: SHOW COLUMNS FROM `blue_pub_task` [ RunTime:0.0040s ]
SQL: SELECT * FROM `blue_pub_task` WHERE `status` = 1  [ RunTime:0.0006s ]

[ 2019-06-09T17:02:45+08:00 ] 127.0.0.1 /admin/Api/getPubTaskList
INFO: [ app_init ] --START--
INFO: Run Behavior\BuildLiteBehavior [ RunTime:0.000021s ]
INFO: [ app_init ] --END-- [ RunTime:0.000497s ]
INFO: [ app_begin ] --START--
INFO: Run Behavior\ReadHtmlCacheBehavior [ RunTime:0.001680s ]
INFO: [ app_begin ] --END-- [ RunTime:0.002966s ]
SQL: SHOW COLUMNS FROM `blue_pub_task` [ RunTime:0.0040s ]
SQL: SELECT * FROM `blue_pub_task` WHERE `status` = 1  [ RunTime:0.0009s ]

[ 2019-06-09T17:13:05+08:00 ] 127.0.0.1 /admin/Api/getPubTaskList
INFO: [ app_init ] --START--
INFO: Run Behavior\BuildLiteBehavior [ RunTime:0.000012s ]
INFO: [ app_init ] --END-- [ RunTime:0.000318s ]
INFO: [ app_begin ] --START--
INFO: Run Behavior\ReadHtmlCacheBehavior [ RunTime:0.000460s ]
INFO: [ app_begin ] --END-- [ RunTime:0.000516s ]
SQL: SHOW COLUMNS FROM `blue_pub_task` [ RunTime:0.0038s ]
SQL: SELECT * FROM `blue_pub_task` WHERE `status` = 1  [ RunTime:0.0011s ]

[ 2019-06-09T17:18:52+08:00 ] 127.0.0.1 /admin/Api/getPubTaskList
INFO: [ app_init ] --START--
INFO: Run Behavior\BuildLiteBehavior [ RunTime:0.000026s ]
INFO: [ app_init ] --END-- [ RunTime:0.000807s ]
INFO: [ app_begin ] --START--
INFO: Run Behavior\ReadHtmlCacheBehavior [ RunTime:0.000986s ]
INFO: [ app_begin ] --END-- [ RunTime:0.001070s ]
SQL: SHOW COLUMNS FROM `blue_pub_task` [ RunTime:0.0030s ]
SQL: SELECT * FROM `blue_pub_task` WHERE `status` = 1  [ RunTime:0.0006s ]

[ 2019-06-09T17:30:17+08:00 ] 127.0.0.1 /admin/Api/getPubTaskList
INFO: [ app_init ] --START--
INFO: Run Behavior\BuildLiteBehavior [ RunTime:0.000023s ]
INFO: [ app_init ] --END-- [ RunTime:0.000788s ]
INFO: [ app_begin ] --START--
INFO: Run Behavior\ReadHtmlCacheBehavior [ RunTime:0.000915s ]
INFO: [ app_begin ] --END-- [ RunTime:0.001055s ]
SQL: SHOW COLUMNS FROM `blue_pub_task` [ RunTime:0.0029s ]
SQL: SELECT * FROM `blue_pub_task` WHERE `status` = 1  [ RunTime:0.0006s ]

[ 2019-06-09T17:34:07+08:00 ] 127.0.0.1 /admin/Api/getPubTaskList
INFO: [ app_init ] --START--
INFO: Run Behavior\BuildLiteBehavior [ RunTime:0.000020s ]
INFO: [ app_init ] --END-- [ RunTime:0.000817s ]
INFO: [ app_begin ] --START--
INFO: Run Behavior\ReadHtmlCacheBehavior [ RunTime:0.001431s ]
INFO: [ app_begin ] --END-- [ RunTime:0.001501s ]
SQL: SHOW COLUMNS FROM `blue_pub_task` [ RunTime:0.0052s ]
SQL: SELECT * FROM `blue_pub_task` WHERE `status` = 1  [ RunTime:0.0010s ]

[ 2019-06-09T17:35:04+08:00 ] 127.0.0.1 /admin/Api/getPubTaskList
INFO: [ app_init ] --START--
INFO: Run Behavior\BuildLiteBehavior [ RunTime:0.000019s ]
INFO: [ app_init ] --END-- [ RunTime:0.000905s ]
INFO: [ app_begin ] --START--
INFO: Run Behavior\ReadHtmlCacheBehavior [ RunTime:0.000983s ]
INFO: [ app_begin ] --END-- [ RunTime:0.001063s ]
SQL: SHOW COLUMNS FROM `blue_pub_task` [ RunTime:0.0036s ]
SQL: SELECT * FROM `blue_pub_task` WHERE `status` = 1  [ RunTime:0.0009s ]

[ 2019-06-09T17:35:11+08:00 ] 127.0.0.1 /admin/Api/getPubTaskList
INFO: [ app_init ] --START--
INFO: Run Behavior\BuildLiteBehavior [ RunTime:0.000025s ]
INFO: [ app_init ] --END-- [ RunTime:0.002144s ]
INFO: [ app_begin ] --START--
INFO: Run Behavior\ReadHtmlCacheBehavior [ RunTime:0.000700s ]
INFO: [ app_begin ] --END-- [ RunTime:0.001719s ]
SQL: SHOW COLUMNS FROM `blue_pub_task` [ RunTime:0.0024s ]
SQL: SELECT * FROM `blue_pub_task` WHERE `status` = 1  [ RunTime:0.0006s ]

[ 2019-06-09T17:35:39+08:00 ] 127.0.0.1 /admin/Api/getPubTaskList
INFO: [ app_init ] --START--
INFO: Run Behavior\BuildLiteBehavior [ RunTime:0.000027s ]
INFO: [ app_init ] --END-- [ RunTime:0.000950s ]
INFO: [ app_begin ] --START--
INFO: Run Behavior\ReadHtmlCacheBehavior [ RunTime:0.001107s ]
INFO: [ app_begin ] --END-- [ RunTime:0.001259s ]
SQL: SHOW COLUMNS FROM `blue_pub_task` [ RunTime:0.0038s ]
SQL: SELECT * FROM `blue_pub_task` WHERE `status` = 1  [ RunTime:0.0007s ]

[ 2019-06-09T17:37:41+08:00 ] 127.0.0.1 /admin/Api/getPubTaskList
INFO: [ app_init ] --START--
INFO: Run Behavior\BuildLiteBehavior [ RunTime:0.000022s ]
INFO: [ app_init ] --END-- [ RunTime:0.000980s ]
INFO: [ app_begin ] --START--
INFO: Run Behavior\ReadHtmlCacheBehavior [ RunTime:0.001262s ]
INFO: [ app_begin ] --END-- [ RunTime:0.002039s ]
SQL: SHOW COLUMNS FROM `blue_pub_task` [ RunTime:0.0029s ]
SQL: SELECT * FROM `blue_pub_task` WHERE `status` = 1  [ RunTime:0.0007s ]

[ 2019-06-09T17:37:57+08:00 ] 127.0.0.1 /admin/Api/getPubTaskList
INFO: [ app_init ] --START--
INFO: Run Behavior\BuildLiteBehavior [ RunTime:0.000023s ]
INFO: [ app_init ] --END-- [ RunTime:0.000924s ]
INFO: [ app_begin ] --START--
INFO: Run Behavior\ReadHtmlCacheBehavior [ RunTime:0.000965s ]
INFO: [ app_begin ] --END-- [ RunTime:0.001050s ]
SQL: SHOW COLUMNS FROM `blue_pub_task` [ RunTime:0.0031s ]
SQL: SELECT * FROM `blue_pub_task` WHERE `status` = 1  [ RunTime:0.0007s ]

[ 2019-06-09T17:38:04+08:00 ] 127.0.0.1 /admin/Api/getPubTaskList
INFO: [ app_init ] --START--
INFO: Run Behavior\BuildLiteBehavior [ RunTime:0.000028s ]
INFO: [ app_init ] --END-- [ RunTime:0.001342s ]
INFO: [ app_begin ] --START--
INFO: Run Behavior\ReadHtmlCacheBehavior [ RunTime:0.001014s ]
INFO: [ app_begin ] --END-- [ RunTime:0.001436s ]
SQL: SHOW COLUMNS FROM `blue_pub_task` [ RunTime:0.0055s ]
SQL: SELECT * FROM `blue_pub_task` WHERE `status` = 1  [ RunTime:0.0009s ]

[ 2019-06-09T17:38:38+08:00 ] 127.0.0.1 /admin/Api/getPubTaskList
INFO: [ app_init ] --START--
INFO: Run Behavior\BuildLiteBehavior [ RunTime:0.000023s ]
INFO: [ app_init ] --END-- [ RunTime:0.000666s ]
INFO: [ app_begin ] --START--
INFO: Run Behavior\ReadHtmlCacheBehavior [ RunTime:0.000970s ]
INFO: [ app_begin ] --END-- [ RunTime:0.001056s ]
SQL: SHOW COLUMNS FROM `blue_pub_task` [ RunTime:0.0032s ]
SQL: SELECT * FROM `blue_pub_task` WHERE `status` = 1  [ RunTime:0.0011s ]

[ 2019-06-09T17:38:43+08:00 ] 127.0.0.1 /admin/Api/getPubTaskList
INFO: [ app_init ] --START--
INFO: Run Behavior\BuildLiteBehavior [ RunTime:0.000025s ]
INFO: [ app_init ] --END-- [ RunTime:0.000749s ]
INFO: [ app_begin ] --START--
INFO: Run Behavior\ReadHtmlCacheBehavior [ RunTime:0.000745s ]
INFO: [ app_begin ] --END-- [ RunTime:0.000824s ]
SQL: SHOW COLUMNS FROM `blue_pub_task` [ RunTime:0.0037s ]
SQL: SELECT * FROM `blue_pub_task` WHERE `status` = 1  [ RunTime:0.0006s ]

[ 2019-06-09T17:38:46+08:00 ] 127.0.0.1 /admin/Api/getPubTaskList
INFO: [ app_init ] --START--
INFO: Run Behavior\BuildLiteBehavior [ RunTime:0.000023s ]
INFO: [ app_init ] --END-- [ RunTime:0.000553s ]
INFO: [ app_begin ] --START--
INFO: Run Behavior\ReadHtmlCacheBehavior [ RunTime:0.000847s ]
INFO: [ app_begin ] --END-- [ RunTime:0.000931s ]
SQL: SHOW COLUMNS FROM `blue_pub_task` [ RunTime:0.0025s ]
SQL: SELECT * FROM `blue_pub_task` WHERE `status` = 1  [ RunTime:0.0009s ]

[ 2019-06-09T17:40:08+08:00 ] 127.0.0.1 /admin/Api/getPubTaskList
INFO: [ app_init ] --START--
INFO: Run Behavior\BuildLiteBehavior [ RunTime:0.000021s ]
INFO: [ app_init ] --END-- [ RunTime:0.001101s ]
INFO: [ app_begin ] --START--
INFO: Run Behavior\ReadHtmlCacheBehavior [ RunTime:0.001269s ]
INFO: [ app_begin ] --END-- [ RunTime:0.001350s ]
SQL: SHOW COLUMNS FROM `blue_pub_task` [ RunTime:0.0036s ]
SQL: SELECT * FROM `blue_pub_task` WHERE `status` = 1  [ RunTime:0.0007s ]

[ 2019-06-09T17:40:56+08:00 ] 127.0.0.1 /admin/Api/getPubTaskList
INFO: [ app_init ] --START--
INFO: Run Behavior\BuildLiteBehavior [ RunTime:0.000016s ]
INFO: [ app_init ] --END-- [ RunTime:0.000812s ]
INFO: [ app_begin ] --START--
INFO: Run Behavior\ReadHtmlCacheBehavior [ RunTime:0.001184s ]
INFO: [ app_begin ] --END-- [ RunTime:0.001267s ]
SQL: SHOW COLUMNS FROM `blue_pub_task` [ RunTime:0.0024s ]
SQL: SELECT * FROM `blue_pub_task` WHERE `status` = 1  [ RunTime:0.0007s ]

[ 2019-06-09T17:41:52+08:00 ] 127.0.0.1 /admin/Api/getPubTaskList
INFO: [ app_init ] --START--
INFO: Run Behavior\BuildLiteBehavior [ RunTime:0.000022s ]
INFO: [ app_init ] --END-- [ RunTime:0.001034s ]
INFO: [ app_begin ] --START--
INFO: Run Behavior\ReadHtmlCacheBehavior [ RunTime:0.000946s ]
INFO: [ app_begin ] --END-- [ RunTime:0.001025s ]
SQL: SHOW COLUMNS FROM `blue_pub_task` [ RunTime:0.0027s ]
SQL: SELECT * FROM `blue_pub_task` WHERE `status` = 1  [ RunTime:0.0007s ]

[ 2019-06-09T17:42:22+08:00 ] 127.0.0.1 /admin/Api/getPubTaskList
INFO: [ app_init ] --START--
INFO: Run Behavior\BuildLiteBehavior [ RunTime:0.000021s ]
INFO: [ app_init ] --END-- [ RunTime:0.000531s ]
INFO: [ app_begin ] --START--
INFO: Run Behavior\ReadHtmlCacheBehavior [ RunTime:0.000763s ]
INFO: [ app_begin ] --END-- [ RunTime:0.000846s ]
SQL: SHOW COLUMNS FROM `blue_pub_task` [ RunTime:0.0033s ]
SQL: SELECT * FROM `blue_pub_task` WHERE `status` = 1  [ RunTime:0.0008s ]

[ 2019-06-09T17:42:41+08:00 ] 127.0.0.1 /admin/Api/applyOp?name=hmlwan&phone=1222222222&task_id=1
INFO: [ app_init ] --START--
INFO: Run Behavior\BuildLiteBehavior [ RunTime:0.000026s ]
INFO: [ app_init ] --END-- [ RunTime:0.000580s ]
INFO: [ app_begin ] --START--
INFO: Run Behavior\ReadHtmlCacheBehavior [ RunTime:0.000797s ]
INFO: [ app_begin ] --END-- [ RunTime:0.000885s ]
SQL: SHOW COLUMNS FROM `blue_apply_task` [ RunTime:0.0032s ]
NOTIC: [8] Undefined offset: 0 /Applications/MAMP/htdocs/project/housekeep_sys/ThinkPHP/Library/Think/Db/Driver.class.php 第 550 行.
NOTIC: [8] Undefined offset: 0 /Applications/MAMP/htdocs/project/housekeep_sys/ThinkPHP/Library/Think/Db/Driver.class.php 第 596 行.
NOTIC: [8] Undefined offset: 0 /Applications/MAMP/htdocs/project/housekeep_sys/ThinkPHP/Library/Think/Db/Driver.class.php 第 596 行.
NOTIC: [8] Undefined offset: 0 /Applications/MAMP/htdocs/project/housekeep_sys/ThinkPHP/Library/Think/Db/Driver.class.php 第 597 行.
NOTIC: [8] Undefined offset: 0 /Applications/MAMP/htdocs/project/housekeep_sys/ThinkPHP/Library/Think/Db/Driver.class.php 第 600 行.
NOTIC: [8] Undefined offset: 1 /Applications/MAMP/htdocs/project/housekeep_sys/ThinkPHP/Library/Think/Db/Driver.class.php 第 596 行.
NOTIC: [8] Undefined offset: 1 /Applications/MAMP/htdocs/project/housekeep_sys/ThinkPHP/Library/Think/Db/Driver.class.php 第 596 行.
NOTIC: [8] Undefined offset: 1 /Applications/MAMP/htdocs/project/housekeep_sys/ThinkPHP/Library/Think/Db/Driver.class.php 第 597 行.
NOTIC: [8] Undefined offset: 1 /Applications/MAMP/htdocs/project/housekeep_sys/ThinkPHP/Library/Think/Db/Driver.class.php 第 600 行.
NOTIC: [8] Undefined offset: 2 /Applications/MAMP/htdocs/project/housekeep_sys/ThinkPHP/Library/Think/Db/Driver.class.php 第 596 行.
NOTIC: [8] Undefined offset: 2 /Applications/MAMP/htdocs/project/housekeep_sys/ThinkPHP/Library/Think/Db/Driver.class.php 第 596 行.
NOTIC: [8] Undefined offset: 2 /Applications/MAMP/htdocs/project/housekeep_sys/ThinkPHP/Library/Think/Db/Driver.class.php 第 597 行.
NOTIC: [8] Undefined offset: 2 /Applications/MAMP/htdocs/project/housekeep_sys/ThinkPHP/Library/Think/Db/Driver.class.php 第 600 行.
NOTIC: [8] Undefined offset: 3 /Applications/MAMP/htdocs/project/housekeep_sys/ThinkPHP/Library/Think/Db/Driver.class.php 第 596 行.
NOTIC: [8] Undefined offset: 3 /Applications/MAMP/htdocs/project/housekeep_sys/ThinkPHP/Library/Think/Db/Driver.class.php 第 596 行.
NOTIC: [8] Undefined offset: 3 /Applications/MAMP/htdocs/project/housekeep_sys/ThinkPHP/Library/Think/Db/Driver.class.php 第 597 行.
NOTIC: [8] Undefined offset: 3 /Applications/MAMP/htdocs/project/housekeep_sys/ThinkPHP/Library/Think/Db/Driver.class.php 第 600 行.
SQL: SELECT * FROM `blue_apply_task` WHERE ( `phone` = null AND `phone` = null AND `phone` = null AND `phone` = null  ) LIMIT 1   [ RunTime:0.0012s ]
SQL: INSERT INTO `blue_apply_task` (`phone`,`name`,`task_id`,`create_time`) VALUES ('','','0','1560073361') [ RunTime:0.0016s ]

[ 2019-06-09T17:43:39+08:00 ] 127.0.0.1 /admin/Api/applyOp?name=hmlwan&phone=1222222222&task_id=1
INFO: [ app_init ] --START--
INFO: Run Behavior\BuildLiteBehavior [ RunTime:0.000023s ]
INFO: [ app_init ] --END-- [ RunTime:0.000765s ]
INFO: [ app_begin ] --START--
INFO: Run Behavior\ReadHtmlCacheBehavior [ RunTime:0.000662s ]
INFO: [ app_begin ] --END-- [ RunTime:0.000752s ]
SQL: SHOW COLUMNS FROM `blue_apply_task` [ RunTime:0.0014s ]
NOTIC: [8] Undefined offset: 0 /Applications/MAMP/htdocs/project/housekeep_sys/ThinkPHP/Library/Think/Db/Driver.class.php 第 550 行.
NOTIC: [8] Undefined offset: 0 /Applications/MAMP/htdocs/project/housekeep_sys/ThinkPHP/Library/Think/Db/Driver.class.php 第 596 行.
NOTIC: [8] Undefined offset: 0 /Applications/MAMP/htdocs/project/housekeep_sys/ThinkPHP/Library/Think/Db/Driver.class.php 第 596 行.
NOTIC: [8] Undefined offset: 0 /Applications/MAMP/htdocs/project/housekeep_sys/ThinkPHP/Library/Think/Db/Driver.class.php 第 597 行.
NOTIC: [8] Undefined offset: 0 /Applications/MAMP/htdocs/project/housekeep_sys/ThinkPHP/Library/Think/Db/Driver.class.php 第 600 行.
NOTIC: [8] Undefined offset: 1 /Applications/MAMP/htdocs/project/housekeep_sys/ThinkPHP/Library/Think/Db/Driver.class.php 第 596 行.
NOTIC: [8] Undefined offset: 1 /Applications/MAMP/htdocs/project/housekeep_sys/ThinkPHP/Library/Think/Db/Driver.class.php 第 596 行.
NOTIC: [8] Undefined offset: 1 /Applications/MAMP/htdocs/project/housekeep_sys/ThinkPHP/Library/Think/Db/Driver.class.php 第 597 行.
NOTIC: [8] Undefined offset: 1 /Applications/MAMP/htdocs/project/housekeep_sys/ThinkPHP/Library/Think/Db/Driver.class.php 第 600 行.
NOTIC: [8] Undefined offset: 2 /Applications/MAMP/htdocs/project/housekeep_sys/ThinkPHP/Library/Think/Db/Driver.class.php 第 596 行.
NOTIC: [8] Undefined offset: 2 /Applications/MAMP/htdocs/project/housekeep_sys/ThinkPHP/Library/Think/Db/Driver.class.php 第 596 行.
NOTIC: [8] Undefined offset: 2 /Applications/MAMP/htdocs/project/housekeep_sys/ThinkPHP/Library/Think/Db/Driver.class.php 第 597 行.
NOTIC: [8] Undefined offset: 2 /Applications/MAMP/htdocs/project/housekeep_sys/ThinkPHP/Library/Think/Db/Driver.class.php 第 600 行.
NOTIC: [8] Undefined offset: 3 /Applications/MAMP/htdocs/project/housekeep_sys/ThinkPHP/Library/Think/Db/Driver.class.php 第 596 行.
NOTIC: [8] Undefined offset: 3 /Applications/MAMP/htdocs/project/housekeep_sys/ThinkPHP/Library/Think/Db/Driver.class.php 第 596 行.
NOTIC: [8] Undefined offset: 3 /Applications/MAMP/htdocs/project/housekeep_sys/ThinkPHP/Library/Think/Db/Driver.class.php 第 597 行.
NOTIC: [8] Undefined offset: 3 /Applications/MAMP/htdocs/project/housekeep_sys/ThinkPHP/Library/Think/Db/Driver.class.php 第 600 行.
SQL: SELECT * FROM `blue_apply_task` WHERE ( `phone` = null AND `phone` = null AND `phone` = null AND `phone` = null  ) LIMIT 1   [ RunTime:0.0004s ]
SQL: INSERT INTO `blue_apply_task` (`phone`,`name`,`task_id`,`create_time`) VALUES ('1222222222','hmlwan','1','1560073419') [ RunTime:0.0008s ]

[ 2019-06-09T17:45:00+08:00 ] 127.0.0.1 /admin/Api/applyOp?name=hmlwan&phone=1222222222&task_id=1
INFO: [ app_init ] --START--
INFO: Run Behavior\BuildLiteBehavior [ RunTime:0.000015s ]
INFO: [ app_init ] --END-- [ RunTime:0.000556s ]
INFO: [ app_begin ] --START--
INFO: Run Behavior\ReadHtmlCacheBehavior [ RunTime:0.000763s ]
INFO: [ app_begin ] --END-- [ RunTime:0.000821s ]
SQL: SHOW COLUMNS FROM `blue_apply_task` [ RunTime:0.0024s ]
NOTIC: [8] Undefined offset: 0 /Applications/MAMP/htdocs/project/housekeep_sys/ThinkPHP/Library/Think/Db/Driver.class.php 第 550 行.
NOTIC: [8] Undefined offset: 0 /Applications/MAMP/htdocs/project/housekeep_sys/ThinkPHP/Library/Think/Db/Driver.class.php 第 596 行.
NOTIC: [8] Undefined offset: 0 /Applications/MAMP/htdocs/project/housekeep_sys/ThinkPHP/Library/Think/Db/Driver.class.php 第 596 行.
NOTIC: [8] Undefined offset: 0 /Applications/MAMP/htdocs/project/housekeep_sys/ThinkPHP/Library/Think/Db/Driver.class.php 第 597 行.
NOTIC: [8] Undefined offset: 0 /Applications/MAMP/htdocs/project/housekeep_sys/ThinkPHP/Library/Think/Db/Driver.class.php 第 600 行.
NOTIC: [8] Undefined offset: 1 /Applications/MAMP/htdocs/project/housekeep_sys/ThinkPHP/Library/Think/Db/Driver.class.php 第 596 行.
NOTIC: [8] Undefined offset: 1 /Applications/MAMP/htdocs/project/housekeep_sys/ThinkPHP/Library/Think/Db/Driver.class.php 第 596 行.
NOTIC: [8] Undefined offset: 1 /Applications/MAMP/htdocs/project/housekeep_sys/ThinkPHP/Library/Think/Db/Driver.class.php 第 597 行.
NOTIC: [8] Undefined offset: 1 /Applications/MAMP/htdocs/project/housekeep_sys/ThinkPHP/Library/Think/Db/Driver.class.php 第 600 行.
NOTIC: [8] Undefined offset: 2 /Applications/MAMP/htdocs/project/housekeep_sys/ThinkPHP/Library/Think/Db/Driver.class.php 第 596 行.
NOTIC: [8] Undefined offset: 2 /Applications/MAMP/htdocs/project/housekeep_sys/ThinkPHP/Library/Think/Db/Driver.class.php 第 596 行.
NOTIC: [8] Undefined offset: 2 /Applications/MAMP/htdocs/project/housekeep_sys/ThinkPHP/Library/Think/Db/Driver.class.php 第 597 行.
NOTIC: [8] Undefined offset: 2 /Applications/MAMP/htdocs/project/housekeep_sys/ThinkPHP/Library/Think/Db/Driver.class.php 第 600 行.
NOTIC: [8] Undefined offset: 3 /Applications/MAMP/htdocs/project/housekeep_sys/ThinkPHP/Library/Think/Db/Driver.class.php 第 596 行.
NOTIC: [8] Undefined offset: 3 /Applications/MAMP/htdocs/project/housekeep_sys/ThinkPHP/Library/Think/Db/Driver.class.php 第 596 行.
NOTIC: [8] Undefined offset: 3 /Applications/MAMP/htdocs/project/housekeep_sys/ThinkPHP/Library/Think/Db/Driver.class.php 第 597 行.
NOTIC: [8] Undefined offset: 3 /Applications/MAMP/htdocs/project/housekeep_sys/ThinkPHP/Library/Think/Db/Driver.class.php 第 600 行.
SQL: SELECT * FROM `blue_apply_task` WHERE ( `phone` = null AND `phone` = null AND `phone` = null AND `phone` = null  ) LIMIT 1   [ RunTime:0.0005s ]
SQL: INSERT INTO `blue_apply_task` (`phone`,`name`,`task_id`,`create_time`) VALUES ('1222222222','hmlwan','1','1560073500') [ RunTime:0.0008s ]

[ 2019-06-09T17:45:07+08:00 ] 127.0.0.1 /admin/Api/applyOp?name=hmlwan&phone=1222222222&task_id=1
INFO: [ app_init ] --START--
INFO: Run Behavior\BuildLiteBehavior [ RunTime:0.000013s ]
INFO: [ app_init ] --END-- [ RunTime:0.000364s ]
INFO: [ app_begin ] --START--
INFO: Run Behavior\ReadHtmlCacheBehavior [ RunTime:0.000392s ]
INFO: [ app_begin ] --END-- [ RunTime:0.000428s ]
SQL: SHOW COLUMNS FROM `blue_apply_task` [ RunTime:0.0032s ]
NOTIC: [8] Undefined offset: 0 /Applications/MAMP/htdocs/project/housekeep_sys/ThinkPHP/Library/Think/Db/Driver.class.php 第 550 行.
NOTIC: [8] Undefined offset: 0 /Applications/MAMP/htdocs/project/housekeep_sys/ThinkPHP/Library/Think/Db/Driver.class.php 第 596 行.
NOTIC: [8] Undefined offset: 0 /Applications/MAMP/htdocs/project/housekeep_sys/ThinkPHP/Library/Think/Db/Driver.class.php 第 596 行.
NOTIC: [8] Undefined offset: 0 /Applications/MAMP/htdocs/project/housekeep_sys/ThinkPHP/Library/Think/Db/Driver.class.php 第 597 行.
NOTIC: [8] Undefined offset: 0 /Applications/MAMP/htdocs/project/housekeep_sys/ThinkPHP/Library/Think/Db/Driver.class.php 第 600 行.
NOTIC: [8] Undefined offset: 1 /Applications/MAMP/htdocs/project/housekeep_sys/ThinkPHP/Library/Think/Db/Driver.class.php 第 596 行.
NOTIC: [8] Undefined offset: 1 /Applications/MAMP/htdocs/project/housekeep_sys/ThinkPHP/Library/Think/Db/Driver.class.php 第 596 行.
NOTIC: [8] Undefined offset: 1 /Applications/MAMP/htdocs/project/housekeep_sys/ThinkPHP/Library/Think/Db/Driver.class.php 第 597 行.
NOTIC: [8] Undefined offset: 1 /Applications/MAMP/htdocs/project/housekeep_sys/ThinkPHP/Library/Think/Db/Driver.class.php 第 600 行.
NOTIC: [8] Undefined offset: 2 /Applications/MAMP/htdocs/project/housekeep_sys/ThinkPHP/Library/Think/Db/Driver.class.php 第 596 行.
NOTIC: [8] Undefined offset: 2 /Applications/MAMP/htdocs/project/housekeep_sys/ThinkPHP/Library/Think/Db/Driver.class.php 第 596 行.
NOTIC: [8] Undefined offset: 2 /Applications/MAMP/htdocs/project/housekeep_sys/ThinkPHP/Library/Think/Db/Driver.class.php 第 597 行.
NOTIC: [8] Undefined offset: 2 /Applications/MAMP/htdocs/project/housekeep_sys/ThinkPHP/Library/Think/Db/Driver.class.php 第 600 行.
NOTIC: [8] Undefined offset: 3 /Applications/MAMP/htdocs/project/housekeep_sys/ThinkPHP/Library/Think/Db/Driver.class.php 第 596 行.
NOTIC: [8] Undefined offset: 3 /Applications/MAMP/htdocs/project/housekeep_sys/ThinkPHP/Library/Think/Db/Driver.class.php 第 596 行.
NOTIC: [8] Undefined offset: 3 /Applications/MAMP/htdocs/project/housekeep_sys/ThinkPHP/Library/Think/Db/Driver.class.php 第 597 行.
NOTIC: [8] Undefined offset: 3 /Applications/MAMP/htdocs/project/housekeep_sys/ThinkPHP/Library/Think/Db/Driver.class.php 第 600 行.
SQL: SELECT * FROM `blue_apply_task` WHERE ( `phone` = null AND `phone` = null AND `phone` = null AND `phone` = null  ) LIMIT 1   [ RunTime:0.0004s ]
SQL: INSERT INTO `blue_apply_task` (`phone`,`name`,`task_id`,`create_time`) VALUES ('1222222222','hmlwan','1','1560073507') [ RunTime:0.0005s ]

[ 2019-06-09T17:45:53+08:00 ] 127.0.0.1 /admin/Api/applyOp?name=hmlwan&phone=1222222222&task_id=1
INFO: [ app_init ] --START--
INFO: Run Behavior\BuildLiteBehavior [ RunTime:0.000018s ]
INFO: [ app_init ] --END-- [ RunTime:0.000851s ]
INFO: [ app_begin ] --START--
INFO: Run Behavior\ReadHtmlCacheBehavior [ RunTime:0.001359s ]
INFO: [ app_begin ] --END-- [ RunTime:0.001446s ]
SQL: SHOW COLUMNS FROM `blue_apply_task` [ RunTime:0.0034s ]
SQL: SELECT * FROM `blue_apply_task` WHERE `phone` = '1222222222' LIMIT 1   [ RunTime:0.0003s ]

[ 2019-06-09T17:52:08+08:00 ] 127.0.0.1 /admin/Api/getPubTaskList
INFO: [ app_init ] --START--
INFO: Run Behavior\BuildLiteBehavior [ RunTime:0.000024s ]
INFO: [ app_init ] --END-- [ RunTime:0.000892s ]
INFO: [ app_begin ] --START--
INFO: Run Behavior\ReadHtmlCacheBehavior [ RunTime:0.000995s ]
INFO: [ app_begin ] --END-- [ RunTime:0.001077s ]
SQL: SHOW COLUMNS FROM `blue_pub_task` [ RunTime:0.0033s ]
SQL: SELECT * FROM `blue_pub_task` WHERE `status` = 1  [ RunTime:0.0008s ]

[ 2019-06-09T17:52:22+08:00 ] 127.0.0.1 /admin/Api/getSysInfo
INFO: [ app_init ] --START--
INFO: Run Behavior\BuildLiteBehavior [ RunTime:0.000019s ]
INFO: [ app_init ] --END-- [ RunTime:0.000558s ]
INFO: [ app_begin ] --START--
INFO: Run Behavior\ReadHtmlCacheBehavior [ RunTime:0.000668s ]
INFO: [ app_begin ] --END-- [ RunTime:0.000735s ]
SQL: SHOW COLUMNS FROM `blue_config` [ RunTime:0.0032s ]
SQL: SELECT * FROM `blue_config`  [ RunTime:0.0008s ]

[ 2019-06-09T17:52:22+08:00 ] 127.0.0.1 /admin/Api/getPubTaskList
INFO: [ app_init ] --START--
INFO: Run Behavior\BuildLiteBehavior [ RunTime:0.000021s ]
INFO: [ app_init ] --END-- [ RunTime:0.000493s ]
INFO: [ app_begin ] --START--
INFO: Run Behavior\ReadHtmlCacheBehavior [ RunTime:0.000624s ]
INFO: [ app_begin ] --END-- [ RunTime:0.000700s ]
SQL: SHOW COLUMNS FROM `blue_pub_task` [ RunTime:0.0025s ]
SQL: SELECT * FROM `blue_pub_task` WHERE `status` = 1  [ RunTime:0.0007s ]

[ 2019-06-09T17:52:57+08:00 ] 127.0.0.1 /admin/Api/getSysInfo
INFO: [ app_init ] --START--
INFO: Run Behavior\BuildLiteBehavior [ RunTime:0.000022s ]
INFO: [ app_init ] --END-- [ RunTime:0.002029s ]
INFO: [ app_begin ] --START--
INFO: Run Behavior\ReadHtmlCacheBehavior [ RunTime:0.001001s ]
INFO: [ app_begin ] --END-- [ RunTime:0.001093s ]
SQL: SHOW COLUMNS FROM `blue_config` [ RunTime:0.0029s ]
SQL: SELECT * FROM `blue_config`  [ RunTime:0.0005s ]

[ 2019-06-09T17:52:57+08:00 ] 127.0.0.1 /admin/Api/getPubTaskList
INFO: [ app_init ] --START--
INFO: Run Behavior\BuildLiteBehavior [ RunTime:0.000022s ]
INFO: [ app_init ] --END-- [ RunTime:0.000526s ]
INFO: [ app_begin ] --START--
INFO: Run Behavior\ReadHtmlCacheBehavior [ RunTime:0.000923s ]
INFO: [ app_begin ] --END-- [ RunTime:0.001064s ]
SQL: SHOW COLUMNS FROM `blue_pub_task` [ RunTime:0.0025s ]
SQL: SELECT * FROM `blue_pub_task` WHERE `status` = 1  [ RunTime:0.0006s ]

[ 2019-06-09T17:54:47+08:00 ] 127.0.0.1 /admin/Api/getSysInfo
INFO: [ app_init ] --START--
INFO: Run Behavior\BuildLiteBehavior [ RunTime:0.000025s ]
INFO: [ app_init ] --END-- [ RunTime:0.002209s ]
INFO: [ app_begin ] --START--
INFO: Run Behavior\ReadHtmlCacheBehavior [ RunTime:0.000969s ]
INFO: [ app_begin ] --END-- [ RunTime:0.001053s ]
SQL: SHOW COLUMNS FROM `blue_config` [ RunTime:0.0032s ]
SQL: SELECT * FROM `blue_config`  [ RunTime:0.0006s ]

[ 2019-06-09T17:54:47+08:00 ] 127.0.0.1 /admin/Api/getPubTaskList
INFO: [ app_init ] --START--
INFO: Run Behavior\BuildLiteBehavior [ RunTime:0.000021s ]
INFO: [ app_init ] --END-- [ RunTime:0.000560s ]
INFO: [ app_begin ] --START--
INFO: Run Behavior\ReadHtmlCacheBehavior [ RunTime:0.000536s ]
INFO: [ app_begin ] --END-- [ RunTime:0.000600s ]
SQL: SHOW COLUMNS FROM `blue_pub_task` [ RunTime:0.0021s ]
SQL: SELECT * FROM `blue_pub_task` WHERE `status` = 1  [ RunTime:0.0007s ]

[ 2019-06-09T17:55:34+08:00 ] 127.0.0.1 /admin/Api/getSysInfo
INFO: [ app_init ] --START--
INFO: Run Behavior\BuildLiteBehavior [ RunTime:0.000024s ]
INFO: [ app_init ] --END-- [ RunTime:0.000782s ]
INFO: [ app_begin ] --START--
INFO: Run Behavior\ReadHtmlCacheBehavior [ RunTime:0.000923s ]
INFO: [ app_begin ] --END-- [ RunTime:0.001005s ]
SQL: SHOW COLUMNS FROM `blue_config` [ RunTime:0.0022s ]
SQL: SELECT * FROM `blue_config`  [ RunTime:0.0005s ]

[ 2019-06-09T17:55:34+08:00 ] 127.0.0.1 /admin/Api/getPubTaskList
INFO: [ app_init ] --START--
INFO: Run Behavior\BuildLiteBehavior [ RunTime:0.000021s ]
INFO: [ app_init ] --END-- [ RunTime:0.000526s ]
INFO: [ app_begin ] --START--
INFO: Run Behavior\ReadHtmlCacheBehavior [ RunTime:0.000537s ]
INFO: [ app_begin ] --END-- [ RunTime:0.000613s ]
SQL: SHOW COLUMNS FROM `blue_pub_task` [ RunTime:0.0037s ]
SQL: SELECT * FROM `blue_pub_task` WHERE `status` = 1  [ RunTime:0.0006s ]

[ 2019-06-09T17:55:52+08:00 ] 127.0.0.1 /admin/Api/getSysInfo
INFO: [ app_init ] --START--
INFO: Run Behavior\BuildLiteBehavior [ RunTime:0.000021s ]
INFO: [ app_init ] --END-- [ RunTime:0.001453s ]
INFO: [ app_begin ] --START--
INFO: Run Behavior\ReadHtmlCacheBehavior [ RunTime:0.001148s ]
INFO: [ app_begin ] --END-- [ RunTime:0.001238s ]
SQL: SHOW COLUMNS FROM `blue_config` [ RunTime:0.0026s ]
SQL: SELECT * FROM `blue_config`  [ RunTime:0.0005s ]

[ 2019-06-09T17:56:02+08:00 ] 127.0.0.1 /admin/Api/getSysInfo
INFO: [ app_init ] --START--
INFO: Run Behavior\BuildLiteBehavior [ RunTime:0.000023s ]
INFO: [ app_init ] --END-- [ RunTime:0.001827s ]
INFO: [ app_begin ] --START--
INFO: Run Behavior\ReadHtmlCacheBehavior [ RunTime:0.000709s ]
INFO: [ app_begin ] --END-- [ RunTime:0.000786s ]
SQL: SHOW COLUMNS FROM `blue_config` [ RunTime:0.0022s ]
SQL: SELECT * FROM `blue_config`  [ RunTime:0.0005s ]

[ 2019-06-09T17:56:02+08:00 ] 127.0.0.1 /admin/Api/getPubTaskList
INFO: [ app_init ] --START--
INFO: Run Behavior\BuildLiteBehavior [ RunTime:0.000019s ]
INFO: [ app_init ] --END-- [ RunTime:0.000510s ]
INFO: [ app_begin ] --START--
INFO: Run Behavior\ReadHtmlCacheBehavior [ RunTime:0.000671s ]
INFO: [ app_begin ] --END-- [ RunTime:0.000747s ]
SQL: SHOW COLUMNS FROM `blue_pub_task` [ RunTime:0.0035s ]
SQL: SELECT * FROM `blue_pub_task` WHERE `status` = 1  [ RunTime:0.0006s ]

[ 2019-06-09T17:58:02+08:00 ] 127.0.0.1 /admin/Api/getSysInfo
INFO: [ app_init ] --START--
INFO: Run Behavior\BuildLiteBehavior [ RunTime:0.000020s ]
INFO: [ app_init ] --END-- [ RunTime:0.001619s ]
INFO: [ app_begin ] --START--
INFO: Run Behavior\ReadHtmlCacheBehavior [ RunTime:0.001471s ]
INFO: [ app_begin ] --END-- [ RunTime:0.001554s ]
SQL: SHOW COLUMNS FROM `blue_config` [ RunTime:0.0024s ]
SQL: SELECT * FROM `blue_config`  [ RunTime:0.0006s ]

[ 2019-06-09T17:58:03+08:00 ] 127.0.0.1 /admin/Api/getPubTaskList
INFO: [ app_init ] --START--
INFO: Run Behavior\BuildLiteBehavior [ RunTime:0.000013s ]
INFO: [ app_init ] --END-- [ RunTime:0.000313s ]
INFO: [ app_begin ] --START--
INFO: Run Behavior\ReadHtmlCacheBehavior [ RunTime:0.000422s ]
INFO: [ app_begin ] --END-- [ RunTime:0.000467s ]
SQL: SHOW COLUMNS FROM `blue_pub_task` [ RunTime:0.0029s ]
SQL: SELECT * FROM `blue_pub_task` WHERE `status` = 1  [ RunTime:0.0007s ]

[ 2019-06-09T18:03:52+08:00 ] 127.0.0.1 /admin/Api/getSysInfo
INFO: [ app_init ] --START--
INFO: Run Behavior\BuildLiteBehavior [ RunTime:0.000023s ]
INFO: [ app_init ] --END-- [ RunTime:0.000872s ]
INFO: [ app_begin ] --START--
INFO: Run Behavior\ReadHtmlCacheBehavior [ RunTime:0.001032s ]
INFO: [ app_begin ] --END-- [ RunTime:0.001117s ]
SQL: SHOW COLUMNS FROM `blue_config` [ RunTime:0.0033s ]
SQL: SELECT * FROM `blue_config`  [ RunTime:0.0006s ]

[ 2019-06-09T18:03:53+08:00 ] 127.0.0.1 /admin/Api/getPubTaskList
INFO: [ app_init ] --START--
INFO: Run Behavior\BuildLiteBehavior [ RunTime:0.000013s ]
INFO: [ app_init ] --END-- [ RunTime:0.000371s ]
INFO: [ app_begin ] --START--
INFO: Run Behavior\ReadHtmlCacheBehavior [ RunTime:0.000441s ]
INFO: [ app_begin ] --END-- [ RunTime:0.000486s ]
SQL: SHOW COLUMNS FROM `blue_pub_task` [ RunTime:0.0029s ]
SQL: SELECT * FROM `blue_pub_task` WHERE `status` = 1  [ RunTime:0.0009s ]

[ 2019-06-09T18:51:57+08:00 ] 127.0.0.1 /admin/Api/getSysInfo
INFO: [ app_init ] --START--
INFO: Run Behavior\BuildLiteBehavior [ RunTime:0.000024s ]
INFO: [ app_init ] --END-- [ RunTime:0.001734s ]
INFO: [ app_begin ] --START--
INFO: Run Behavior\ReadHtmlCacheBehavior [ RunTime:0.002380s ]
INFO: [ app_begin ] --END-- [ RunTime:0.002458s ]
SQL: SHOW COLUMNS FROM `blue_config` [ RunTime:0.0041s ]
SQL: SELECT * FROM `blue_config`  [ RunTime:0.0006s ]

[ 2019-06-09T18:52:00+08:00 ] 127.0.0.1 /admin/Api/getSysInfo
INFO: [ app_init ] --START--
INFO: Run Behavior\BuildLiteBehavior [ RunTime:0.000022s ]
INFO: [ app_init ] --END-- [ RunTime:0.000533s ]
INFO: [ app_begin ] --START--
INFO: Run Behavior\ReadHtmlCacheBehavior [ RunTime:0.003776s ]
INFO: [ app_begin ] --END-- [ RunTime:0.003851s ]
SQL: SHOW COLUMNS FROM `blue_config` [ RunTime:0.0057s ]
SQL: SELECT * FROM `blue_config`  [ RunTime:0.0009s ]

[ 2019-06-09T18:53:36+08:00 ] 127.0.0.1 /admin/Api/getSysInfo
INFO: [ app_init ] --START--
INFO: Run Behavior\BuildLiteBehavior [ RunTime:0.000022s ]
INFO: [ app_init ] --END-- [ RunTime:0.000820s ]
INFO: [ app_begin ] --START--
INFO: Run Behavior\ReadHtmlCacheBehavior [ RunTime:0.002280s ]
INFO: [ app_begin ] --END-- [ RunTime:0.002354s ]
SQL: SHOW COLUMNS FROM `blue_config` [ RunTime:0.0034s ]
SQL: SELECT * FROM `blue_config`  [ RunTime:0.0016s ]

[ 2019-06-09T18:56:16+08:00 ] 127.0.0.1 /admin/Api/getSysInfo
INFO: [ app_init ] --START--
INFO: Run Behavior\BuildLiteBehavior [ RunTime:0.000023s ]
INFO: [ app_init ] --END-- [ RunTime:0.000850s ]
INFO: [ app_begin ] --START--
INFO: Run Behavior\ReadHtmlCacheBehavior [ RunTime:0.001036s ]
INFO: [ app_begin ] --END-- [ RunTime:0.001147s ]
SQL: SHOW COLUMNS FROM `blue_config` [ RunTime:0.0032s ]
SQL: SELECT * FROM `blue_config`  [ RunTime:0.0005s ]

[ 2019-06-09T18:56:26+08:00 ] 127.0.0.1 /admin/Api/getSysInfo
INFO: [ app_init ] --START--
INFO: Run Behavior\BuildLiteBehavior [ RunTime:0.000021s ]
INFO: [ app_init ] --END-- [ RunTime:0.000838s ]
INFO: [ app_begin ] --START--
INFO: Run Behavior\ReadHtmlCacheBehavior [ RunTime:0.000928s ]
INFO: [ app_begin ] --END-- [ RunTime:0.001007s ]
SQL: SHOW COLUMNS FROM `blue_config` [ RunTime:0.0028s ]
SQL: SELECT * FROM `blue_config`  [ RunTime:0.0013s ]

[ 2019-06-09T18:57:59+08:00 ] 127.0.0.1 /admin/Api/getSysInfo
INFO: [ app_init ] --START--
INFO: Run Behavior\BuildLiteBehavior [ RunTime:0.000020s ]
INFO: [ app_init ] --END-- [ RunTime:0.000797s ]
INFO: [ app_begin ] --START--
INFO: Run Behavior\ReadHtmlCacheBehavior [ RunTime:0.000913s ]
INFO: [ app_begin ] --END-- [ RunTime:0.000989s ]
SQL: SHOW COLUMNS FROM `blue_config` [ RunTime:0.0041s ]
SQL: SELECT * FROM `blue_config`  [ RunTime:0.0005s ]

[ 2019-06-09T18:58:17+08:00 ] 127.0.0.1 /admin/Api/getSysInfo
INFO: [ app_init ] --START--
INFO: Run Behavior\BuildLiteBehavior [ RunTime:0.000024s ]
INFO: [ app_init ] --END-- [ RunTime:0.000593s ]
INFO: [ app_begin ] --START--
INFO: Run Behavior\ReadHtmlCacheBehavior [ RunTime:0.000744s ]
INFO: [ app_begin ] --END-- [ RunTime:0.000822s ]
SQL: SHOW COLUMNS FROM `blue_config` [ RunTime:0.0025s ]
SQL: SELECT * FROM `blue_config`  [ RunTime:0.0005s ]

[ 2019-06-09T19:00:29+08:00 ] 127.0.0.1 /admin/Api/getSysInfo
INFO: [ app_init ] --START--
INFO: Run Behavior\BuildLiteBehavior [ RunTime:0.000021s ]
INFO: [ app_init ] --END-- [ RunTime:0.000986s ]
INFO: [ app_begin ] --START--
INFO: Run Behavior\ReadHtmlCacheBehavior [ RunTime:0.001150s ]
INFO: [ app_begin ] --END-- [ RunTime:0.001247s ]
SQL: SHOW COLUMNS FROM `blue_config` [ RunTime:0.0034s ]
SQL: SELECT * FROM `blue_config`  [ RunTime:0.0006s ]

