[ 2019-06-08T16:16:12+08:00 ] 127.0.0.1 /admin/Api/subRecommendData?train_name=1&train_phone=2&recommend_name=3&recommend_phone=4&recommend_wx=5&recommend_zfb=6&recommend_bank=7&type=2
INFO: [ app_init ] --START--
INFO: Run Behavior\BuildLiteBehavior [ RunTime:0.000017s ]
INFO: [ app_init ] --END-- [ RunTime:0.000749s ]
INFO: [ app_begin ] --START--
INFO: Run Behavior\ReadHtmlCacheBehavior [ RunTime:0.000738s ]
INFO: [ app_begin ] --END-- [ RunTime:0.000796s ]

[ 2019-06-08T16:16:39+08:00 ] 127.0.0.1 /admin/Api/
INFO: [ app_init ] --START--
INFO: Run Behavior\BuildLiteBehavior [ RunTime:0.000237s ]
INFO: [ app_init ] --END-- [ RunTime:0.001415s ]
INFO: [ app_begin ] --START--
INFO: Run Behavior\ReadHtmlCacheBehavior [ RunTime:0.000676s ]
INFO: [ app_begin ] --END-- [ RunTime:0.000779s ]
ERR: 非法操作:index

[ 2019-06-08T16:17:26+08:00 ] 127.0.0.1 /admin/Api/subRecommendData?train_name=1&train_phone=2&recommend_name=3&recommend_phone=4&recommend_wx=5&recommend_zfb=6&recommend_bank=7&type=2
INFO: [ app_init ] --START--
INFO: Run Behavior\BuildLiteBehavior [ RunTime:0.000026s ]
INFO: [ app_init ] --END-- [ RunTime:0.000573s ]
INFO: [ app_begin ] --START--
INFO: Run Behavior\ReadHtmlCacheBehavior [ RunTime:0.000458s ]
INFO: [ app_begin ] --END-- [ RunTime:0.000501s ]

[ 2019-06-08T16:17:47+08:00 ] 127.0.0.1 /admin/Api/subRecommendData?train_name=1&train_phone=2&recommend_name=3&recommend_phone=4&recommend_wx=5&recommend_zfb=6&recommend_bank=7&type=2
INFO: [ app_init ] --START--
INFO: Run Behavior\BuildLiteBehavior [ RunTime:0.000354s ]
INFO: [ app_init ] --END-- [ RunTime:0.001463s ]
INFO: [ app_begin ] --START--
INFO: Run Behavior\ReadHtmlCacheBehavior [ RunTime:0.000435s ]
INFO: [ app_begin ] --END-- [ RunTime:0.000525s ]

[ 2019-06-08T16:18:34+08:00 ] 127.0.0.1 /admin/Api/subRecommendData?train_name=1&train_phone=2&recommend_name=3&recommend_phone=4&recommend_wx=5&recommend_zfb=6&recommend_bank=7&type=2
INFO: [ app_init ] --START--
INFO: Run Behavior\BuildLiteBehavior [ RunTime:0.000035s ]
INFO: [ app_init ] --END-- [ RunTime:0.000727s ]
INFO: [ app_begin ] --START--
INFO: Run Behavior\ReadHtmlCacheBehavior [ RunTime:0.000457s ]
INFO: [ app_begin ] --END-- [ RunTime:0.000503s ]

[ 2019-06-08T16:19:05+08:00 ] 127.0.0.1 /admin/Api/subRecommen…mend_wx=5&recommend_zfb=6&recommend_bank=7&type=2
INFO: [ app_init ] --START--
INFO: Run Behavior\BuildLiteBehavior [ RunTime:0.000026s ]
INFO: [ app_init ] --END-- [ RunTime:0.000505s ]
INFO: [ app_begin ] --START--
INFO: Run Behavior\ReadHtmlCacheBehavior [ RunTime:0.000687s ]
INFO: [ app_begin ] --END-- [ RunTime:0.000766s ]
ERR: 非法操作:subRecommen…mend_wx=5&recommend_zfb=6&recommend_bank=7&type=2

[ 2019-06-08T16:19:28+08:00 ] 127.0.0.1 /admin/Api/subRecommen…mend_wx=5&recommend_zfb=6&recommend_bank=7&type=2
INFO: [ app_init ] --START--
INFO: Run Behavior\BuildLiteBehavior [ RunTime:0.000020s ]
INFO: [ app_init ] --END-- [ RunTime:0.000586s ]
INFO: [ app_begin ] --START--
INFO: Run Behavior\ReadHtmlCacheBehavior [ RunTime:0.000711s ]
INFO: [ app_begin ] --END-- [ RunTime:0.000768s ]
ERR: 非法操作:subRecommen…mend_wx=5&recommend_zfb=6&recommend_bank=7&type=2

[ 2019-06-08T16:20:12+08:00 ] 127.0.0.1 /admin/Api/subRecommendData?train_name=1&train_phone=2&recommend_name=3&recommend_phone=4&recommend_wx=5&recommend_zfb=6&recommend_bank=7&type=2
INFO: [ app_init ] --START--
INFO: Run Behavior\BuildLiteBehavior [ RunTime:0.000027s ]
INFO: [ app_init ] --END-- [ RunTime:0.000776s ]
INFO: [ app_begin ] --START--
INFO: Run Behavior\ReadHtmlCacheBehavior [ RunTime:0.000933s ]
INFO: [ app_begin ] --END-- [ RunTime:0.000998s ]

[ 2019-06-08T16:20:25+08:00 ] 127.0.0.1 /admin/Api/subRecommendData?train_name=1&train_phone=2&recommend_name=3&recommend_phone=4&recommend_wx=5&recommend_zfb=6&recommend_bank=7&type=2
INFO: [ app_init ] --START--
INFO: Run Behavior\BuildLiteBehavior [ RunTime:0.000022s ]
INFO: [ app_init ] --END-- [ RunTime:0.000631s ]
INFO: [ app_begin ] --START--
INFO: Run Behavior\ReadHtmlCacheBehavior [ RunTime:0.000717s ]
INFO: [ app_begin ] --END-- [ RunTime:0.000805s ]

[ 2019-06-08T16:20:39+08:00 ] 127.0.0.1 /admin/Api/subRecommendData?train_name=1&train_phone=2&recommend_name=3&recommend_phone=4&recommend_wx=5&recommend_zfb=6&recommend_bank=7&type=2
INFO: [ app_init ] --START--
INFO: Run Behavior\BuildLiteBehavior [ RunTime:0.000014s ]
INFO: [ app_init ] --END-- [ RunTime:0.000566s ]
INFO: [ app_begin ] --START--
INFO: Run Behavior\ReadHtmlCacheBehavior [ RunTime:0.000700s ]
INFO: [ app_begin ] --END-- [ RunTime:0.000760s ]

[ 2019-06-08T16:20:45+08:00 ] 127.0.0.1 /admin/Api/subRecommendData?train_name=1&train_phone=2&recommend_name=3&recommend_phone=4&recommend_wx=5&recommend_zfb=6&recommend_bank=7&type=2
INFO: [ app_init ] --START--
INFO: Run Behavior\BuildLiteBehavior [ RunTime:0.000018s ]
INFO: [ app_init ] --END-- [ RunTime:0.000462s ]
INFO: [ app_begin ] --START--
INFO: Run Behavior\ReadHtmlCacheBehavior [ RunTime:0.000726s ]
INFO: [ app_begin ] --END-- [ RunTime:0.000792s ]

[ 2019-06-08T16:21:18+08:00 ] 127.0.0.1 /admin/Api/subRecommendData?train_name=1&train_phone=2&recommend_name=3&recommend_phone=4&recommend_wx=5&recommend_zfb=6&recommend_bank=7&type=2
INFO: [ app_init ] --START--
INFO: Run Behavior\BuildLiteBehavior [ RunTime:0.000030s ]
INFO: [ app_init ] --END-- [ RunTime:0.000807s ]
INFO: [ app_begin ] --START--
INFO: Run Behavior\ReadHtmlCacheBehavior [ RunTime:0.001290s ]
INFO: [ app_begin ] --END-- [ RunTime:0.001380s ]

[ 2019-06-08T16:21:35+08:00 ] 127.0.0.1 /admin/Api/subRecommendData?train_name=1&train_phone=2&recommend_name=3&recommend_phone=4&recommend_wx=5&recommend_zfb=6&recommend_bank=7&type=2
INFO: [ app_init ] --START--
INFO: Run Behavior\BuildLiteBehavior [ RunTime:0.000019s ]
INFO: [ app_init ] --END-- [ RunTime:0.000540s ]
INFO: [ app_begin ] --START--
INFO: Run Behavior\ReadHtmlCacheBehavior [ RunTime:0.000599s ]
INFO: [ app_begin ] --END-- [ RunTime:0.000662s ]

[ 2019-06-08T16:21:41+08:00 ] 127.0.0.1 /admin/Api/subRecommendData?train_name=1&train_phone=2&recommend_name=3&recommend_phone=4&recommend_wx=5&recommend_zfb=6&recommend_bank=7&type=2
INFO: [ app_init ] --START--
INFO: Run Behavior\BuildLiteBehavior [ RunTime:0.000024s ]
INFO: [ app_init ] --END-- [ RunTime:0.000649s ]
INFO: [ app_begin ] --START--
INFO: Run Behavior\ReadHtmlCacheBehavior [ RunTime:0.000734s ]
INFO: [ app_begin ] --END-- [ RunTime:0.000801s ]

[ 2019-06-08T16:21:52+08:00 ] 127.0.0.1 /admin/Api/subRecommendData?train_name=1&train_phone=2&recommend_name=3&recommend_phone=4&recommend_wx=5&recommend_zfb=6&recommend_bank=7&type=2
INFO: [ app_init ] --START--
INFO: Run Behavior\BuildLiteBehavior [ RunTime:0.000020s ]
INFO: [ app_init ] --END-- [ RunTime:0.000553s ]
INFO: [ app_begin ] --START--
INFO: Run Behavior\ReadHtmlCacheBehavior [ RunTime:0.000670s ]
INFO: [ app_begin ] --END-- [ RunTime:0.000771s ]

[ 2019-06-08T16:22:03+08:00 ] 127.0.0.1 /admin/Api/subRecommendData?train_name=1&train_phone=2&recommend_name=3&recommend_phone=4&recommend_wx=5&recommend_zfb=6&recommend_bank=7&type=2
INFO: [ app_init ] --START--
INFO: Run Behavior\BuildLiteBehavior [ RunTime:0.000017s ]
INFO: [ app_init ] --END-- [ RunTime:0.000516s ]
INFO: [ app_begin ] --START--
INFO: Run Behavior\ReadHtmlCacheBehavior [ RunTime:0.000989s ]
INFO: [ app_begin ] --END-- [ RunTime:0.001089s ]

[ 2019-06-08T16:26:12+08:00 ] 127.0.0.1 /admin/Api/subRecommendData?train_name=1&train_phone=2&recommend_name=3&recommend_phone=4&recommend_wx=5&recommend_zfb=6&recommend_bank=7&type=2
INFO: [ app_init ] --START--
INFO: Run Behavior\BuildLiteBehavior [ RunTime:0.000013s ]
INFO: [ app_init ] --END-- [ RunTime:0.000528s ]
INFO: [ app_begin ] --START--
INFO: Run Behavior\ReadHtmlCacheBehavior [ RunTime:0.000922s ]
INFO: [ app_begin ] --END-- [ RunTime:0.001024s ]

[ 2019-06-08T16:26:41+08:00 ] 127.0.0.1 /admin/Api/subRecommendData?train_name=1&train_phone=2&recommend_name=3&recommend_phone=4&recommend_wx=5&recommend_zfb=6&recommend_bank=7&type=2
INFO: [ app_init ] --START--
INFO: Run Behavior\BuildLiteBehavior [ RunTime:0.000441s ]
INFO: [ app_init ] --END-- [ RunTime:0.001213s ]
INFO: [ app_begin ] --START--
INFO: Run Behavior\ReadHtmlCacheBehavior [ RunTime:0.000852s ]
INFO: [ app_begin ] --END-- [ RunTime:0.000919s ]

[ 2019-06-08T16:31:51+08:00 ] 127.0.0.1 /admin/Api/subRecommendData?train_name=hmlwan&train_phone=15179811542&recommend_name=hmlwan2&recommend_phone=15179811544a&recommend_wx=11111&recommend_zfb=22222&recommend_bank=3333&type=2
INFO: [ app_init ] --START--
INFO: Run Behavior\BuildLiteBehavior [ RunTime:0.000040s ]
INFO: [ app_init ] --END-- [ RunTime:0.001077s ]
INFO: [ app_begin ] --START--
INFO: Run Behavior\ReadHtmlCacheBehavior [ RunTime:0.000666s ]
INFO: [ app_begin ] --END-- [ RunTime:0.000739s ]

[ 2019-06-08T16:32:06+08:00 ] 127.0.0.1 /admin/Api/subRecommendData?train_name=hmlwan&train_phone=15179811542&recommend_name=hmlwan2&recommend_phone=15179811544a&recommend_wx=11111&recommend_zfb=22222&recommend_bank=3333&type=2
INFO: [ app_init ] --START--
INFO: Run Behavior\BuildLiteBehavior [ RunTime:0.000011s ]
INFO: [ app_init ] --END-- [ RunTime:0.000362s ]
INFO: [ app_begin ] --START--
INFO: Run Behavior\ReadHtmlCacheBehavior [ RunTime:0.001115s ]
INFO: [ app_begin ] --END-- [ RunTime:0.001275s ]

[ 2019-06-08T16:32:41+08:00 ] 127.0.0.1 /admin/Api/subRecommendData?train_name=hmlwan&train_phone=15179811542&recommend_name=hmlwan2&recommend_phone=15179811544a&recommend_wx=11111&recommend_zfb=22222&recommend_bank=3333&type=2
INFO: [ app_init ] --START--
INFO: Run Behavior\BuildLiteBehavior [ RunTime:0.000014s ]
INFO: [ app_init ] --END-- [ RunTime:0.000378s ]
INFO: [ app_begin ] --START--
INFO: Run Behavior\ReadHtmlCacheBehavior [ RunTime:0.000796s ]
INFO: [ app_begin ] --END-- [ RunTime:0.000880s ]

[ 2019-06-08T16:32:57+08:00 ] 127.0.0.1 /admin/Api/subRecommendData?train_name=hmlwan&train_phone=15179811542&recommend_name=hmlwan2&recommend_phone=15179811544a&recommend_wx=11111&recommend_zfb=22222&recommend_bank=3333&type=2
INFO: [ app_init ] --START--
INFO: Run Behavior\BuildLiteBehavior [ RunTime:0.000026s ]
INFO: [ app_init ] --END-- [ RunTime:0.000921s ]
INFO: [ app_begin ] --START--
INFO: Run Behavior\ReadHtmlCacheBehavior [ RunTime:0.003701s ]
INFO: [ app_begin ] --END-- [ RunTime:0.004054s ]
SQL: SHOW COLUMNS FROM `blue_recommend_record` [ RunTime:0.0058s ]
SQL: INSERT INTO `blue_recommend_record` (`train_name`,`train_phone`,`recommend_name`,`recommend_phone`,`recommend_wx`,`recommend_zfb`,`recommend_bank`,`type`,`sub_time`) VALUES ('hmlwan','15179811542','hmlwan2','15179811544a','11111','22222','3333','2','1559982777') [ RunTime:0.0175s ]

[ 2019-06-08T17:07:32+08:00 ] 127.0.0.1 /admin/Api/subRecommendData?train_name=1&train_phone=2&recommend_name=3&recommend_phone=4&recommend_wx=5&recommend_zfb=6&recommend_bank=7&type=2
INFO: [ app_init ] --START--
INFO: Run Behavior\BuildLiteBehavior [ RunTime:0.000015s ]
INFO: [ app_init ] --END-- [ RunTime:0.000710s ]
INFO: [ app_begin ] --START--
INFO: Run Behavior\ReadHtmlCacheBehavior [ RunTime:0.001030s ]
INFO: [ app_begin ] --END-- [ RunTime:0.001111s ]
SQL: SHOW COLUMNS FROM `blue_recommend_record` [ RunTime:0.0041s ]
SQL: INSERT INTO `blue_recommend_record` (`train_name`,`train_phone`,`recommend_name`,`recommend_phone`,`recommend_wx`,`recommend_zfb`,`recommend_bank`,`type`,`sub_time`) VALUES ('1','2','3','4','5','6','7','2','1559984852') [ RunTime:0.0032s ]

[ 2019-06-08T17:07:41+08:00 ] 127.0.0.1 /admin/Api/subRecommendData?train_name=1&train_phone=2&recommend_name=3&recommend_phone=4&recommend_wx=5&recommend_zfb=6&recommend_bank=7&type=2
INFO: [ app_init ] --START--
INFO: Run Behavior\BuildLiteBehavior [ RunTime:0.000021s ]
INFO: [ app_init ] --END-- [ RunTime:0.000604s ]
INFO: [ app_begin ] --START--
INFO: Run Behavior\ReadHtmlCacheBehavior [ RunTime:0.000884s ]
INFO: [ app_begin ] --END-- [ RunTime:0.000968s ]
SQL: SHOW COLUMNS FROM `blue_recommend_record` [ RunTime:0.0035s ]
SQL: INSERT INTO `blue_recommend_record` (`train_name`,`train_phone`,`recommend_name`,`recommend_phone`,`recommend_wx`,`recommend_zfb`,`recommend_bank`,`type`,`sub_time`) VALUES ('1','2','3','4','5','6','7','2','1559984861') [ RunTime:0.0006s ]

