[ 2019-05-20T18:22:00+08:00 ] 127.0.0.1 /
INFO: [ app_init ] --START--
INFO: Run Behavior\BuildLiteBehavior [ RunTime:0.000000s ]
INFO: [ app_init ] --END-- [ RunTime:0.001000s ]
INFO: [ app_begin ] --START--
INFO: Run Behavior\ReadHtmlCacheBehavior [ RunTime:0.001000s ]
INFO: [ app_begin ] --END-- [ RunTime:0.001000s ]
SQL: SHOW COLUMNS FROM `blue_config` [ RunTime:0.0470s ]
SQL: SELECT * FROM `blue_config`  [ RunTime:0.0010s ]

[ 2019-05-20T18:22:01+08:00 ] 127.0.0.1 /admin/Login/index.html
INFO: [ app_init ] --START--
INFO: Run Behavior\BuildLiteBehavior [ RunTime:0.000000s ]
INFO: [ app_init ] --END-- [ RunTime:0.000000s ]
INFO: [ app_begin ] --START--
INFO: Run Behavior\ReadHtmlCacheBehavior [ RunTime:0.001000s ]
INFO: [ app_begin ] --END-- [ RunTime:0.001000s ]
SQL: SHOW COLUMNS FROM `blue_config` [ RunTime:0.0170s ]
SQL: SELECT * FROM `blue_config`  [ RunTime:0.0010s ]
INFO: [ view_parse ] --START--
INFO: [ template_filter ] --START--
INFO: Run Behavior\ContentReplaceBehavior [ RunTime:0.000000s ]
INFO: [ template_filter ] --END-- [ RunTime:0.000000s ]
INFO: Run Behavior\ParseTemplateBehavior [ RunTime:0.011001s ]
INFO: [ view_parse ] --END-- [ RunTime:0.011001s ]
INFO: [ view_filter ] --START--
INFO: Run Behavior\WriteHtmlCacheBehavior [ RunTime:0.001000s ]
INFO: [ view_filter ] --END-- [ RunTime:0.001000s ]
INFO: [ app_end ] --START--
INFO: Run Behavior\ShowPageTraceBehavior [ RunTime:0.001000s ]
INFO: [ app_end ] --END-- [ RunTime:0.001000s ]

[ 2019-05-20T18:22:03+08:00 ] 127.0.0.1 /admin/Login/checkLogin.html
INFO: [ app_init ] --START--
INFO: Run Behavior\BuildLiteBehavior [ RunTime:0.000000s ]
INFO: [ app_init ] --END-- [ RunTime:0.000000s ]
INFO: [ app_begin ] --START--
INFO: Run Behavior\ReadHtmlCacheBehavior [ RunTime:0.001000s ]
INFO: [ app_begin ] --END-- [ RunTime:0.001000s ]
NOTIC: [2] preg_match(): Delimiter must not be alphanumeric or backslash D:\WWW\housekeep\App\Common\Common\function.php 第 614 行.
NOTIC: [2] preg_match(): Delimiter must not be alphanumeric or backslash D:\WWW\housekeep\App\Common\Common\function.php 第 614 行.
SQL: SHOW COLUMNS FROM `blue_config` [ RunTime:0.0370s ]
SQL: SELECT * FROM `blue_config`  [ RunTime:0.0010s ]
SQL: SHOW COLUMNS FROM `blue_admin` [ RunTime:0.0440s ]
SQL: SELECT * FROM `blue_admin` WHERE ( username='admin' ) LIMIT 1   [ RunTime:0.0000s ]

[ 2019-05-20T18:22:05+08:00 ] 127.0.0.1 /admin/Index/index.html
INFO: [ app_init ] --START--
INFO: Run Behavior\BuildLiteBehavior [ RunTime:0.000000s ]
INFO: [ app_init ] --END-- [ RunTime:0.001000s ]
INFO: [ app_begin ] --START--
INFO: Run Behavior\ReadHtmlCacheBehavior [ RunTime:0.001000s ]
INFO: [ app_begin ] --END-- [ RunTime:0.001000s ]
SQL: SHOW COLUMNS FROM `blue_config` [ RunTime:0.0380s ]
SQL: SELECT * FROM `blue_config`  [ RunTime:0.0010s ]
SQL: SHOW COLUMNS FROM `blue_admin` [ RunTime:0.0230s ]
SQL: SELECT * FROM `blue_admin` WHERE ( admin_id='1' ) LIMIT 1   [ RunTime:0.0010s ]
SQL: SELECT `key`,`value` FROM `blue_config`  [ RunTime:0.0000s ]
SQL: SELECT `Nav` FROM `blue_admin` WHERE ( admin_id='1' ) LIMIT 1   [ RunTime:0.0000s ]
SQL: SHOW COLUMNS FROM `blue_nav` [ RunTime:0.0200s ]
SQL: SELECT * FROM `blue_nav` WHERE ( nav_id=1 ) LIMIT 1   [ RunTime:0.0050s ]
SQL: SELECT * FROM `blue_nav` WHERE ( nav_id=4 ) LIMIT 1   [ RunTime:0.0000s ]
SQL: SELECT * FROM `blue_nav` WHERE ( nav_id=7 ) LIMIT 1   [ RunTime:0.0000s ]
SQL: SELECT * FROM `blue_nav` WHERE ( nav_id=8 ) LIMIT 1   [ RunTime:0.0010s ]
SQL: SELECT * FROM `blue_nav` WHERE ( nav_id=15 ) LIMIT 1   [ RunTime:0.0000s ]
SQL: SELECT * FROM `blue_nav` WHERE ( nav_id=12 ) LIMIT 1   [ RunTime:0.0000s ]
SQL: SELECT * FROM `blue_nav` WHERE ( nav_id=16 ) LIMIT 1   [ RunTime:0.0000s ]
SQL: SELECT * FROM `blue_nav` WHERE ( nav_id=28 ) LIMIT 1   [ RunTime:0.0010s ]
SQL: SELECT * FROM `blue_nav` WHERE ( nav_id=30 ) LIMIT 1   [ RunTime:0.0000s ]
SQL: SELECT * FROM `blue_nav` WHERE ( nav_id=18 ) LIMIT 1   [ RunTime:0.0000s ]
SQL: SELECT * FROM `blue_nav` WHERE ( nav_id=41 ) LIMIT 1   [ RunTime:0.0000s ]
SQL: SELECT * FROM `blue_nav` WHERE ( nav_id=17 ) LIMIT 1   [ RunTime:0.0010s ]
SQL: SELECT * FROM `blue_nav` WHERE ( nav_id=50 ) LIMIT 1   [ RunTime:0.0000s ]
SQL: SELECT * FROM `blue_nav` WHERE ( nav_id=51 ) LIMIT 1   [ RunTime:0.0000s ]
SQL: SELECT * FROM `blue_nav` WHERE ( nav_id=52 ) LIMIT 1   [ RunTime:0.0010s ]
SQL: SELECT * FROM `blue_nav` WHERE ( nav_id=53 ) LIMIT 1   [ RunTime:0.0000s ]
SQL: SELECT * FROM `blue_nav` WHERE ( nav_id=54 ) LIMIT 1   [ RunTime:0.0000s ]
SQL: SELECT * FROM `blue_nav` WHERE ( nav_id=57 ) LIMIT 1   [ RunTime:0.0000s ]
SQL: SELECT * FROM `blue_nav` WHERE ( nav_id=58 ) LIMIT 1   [ RunTime:0.0010s ]
SQL: SELECT * FROM `blue_nav` WHERE ( nav_id=59 ) LIMIT 1   [ RunTime:0.0000s ]
SQL: SELECT * FROM `blue_nav` WHERE ( nav_id=60 ) LIMIT 1   [ RunTime:0.0000s ]
SQL: SELECT * FROM `blue_nav` WHERE ( nav_id=69 ) LIMIT 1   [ RunTime:0.0010s ]
SQL: SELECT * FROM `blue_nav` WHERE ( nav_id=83 ) LIMIT 1   [ RunTime:0.0000s ]
SQL: SELECT * FROM `blue_nav` WHERE ( nav_id=19 ) LIMIT 1   [ RunTime:0.0000s ]
SQL: SELECT * FROM `blue_nav` WHERE ( nav_id=20 ) LIMIT 1   [ RunTime:0.0000s ]
SQL: SELECT * FROM `blue_nav` WHERE ( nav_id=21 ) LIMIT 1   [ RunTime:0.0000s ]
INFO: [ view_parse ] --START--
INFO: [ template_filter ] --START--
INFO: Run Behavior\ContentReplaceBehavior [ RunTime:0.001001s ]
INFO: [ template_filter ] --END-- [ RunTime:0.001001s ]
NOTIC: [8] Undefined variable: list D:\WWW\housekeep\App\Runtime\Cache\Admin\9df924d9a2d217daa77a359c5bee0c33.php 第 165 行.
NOTIC: [8] Undefined variable: empty D:\WWW\housekeep\App\Runtime\Cache\Admin\9df924d9a2d217daa77a359c5bee0c33.php 第 182 行.
NOTIC: [8] Undefined index: xnb D:\WWW\housekeep\App\Runtime\Cache\Admin\9df924d9a2d217daa77a359c5bee0c33.php 第 211 行.
NOTIC: [8] Undefined index: xnb D:\WWW\housekeep\App\Runtime\Cache\Admin\9df924d9a2d217daa77a359c5bee0c33.php 第 213 行.
NOTIC: [8] Use of undefined constant mysqlnd - assumed 'mysqlnd' D:\WWW\housekeep\App\Runtime\Cache\Admin\9df924d9a2d217daa77a359c5bee0c33.php 第 245 行.
INFO: Run Behavior\ParseTemplateBehavior [ RunTime:0.022003s ]
INFO: [ view_parse ] --END-- [ RunTime:0.022003s ]
INFO: [ view_filter ] --START--
INFO: Run Behavior\WriteHtmlCacheBehavior [ RunTime:0.000000s ]
INFO: [ view_filter ] --END-- [ RunTime:0.000000s ]
INFO: [ app_end ] --START--
INFO: Run Behavior\ShowPageTraceBehavior [ RunTime:0.001000s ]
INFO: [ app_end ] --END-- [ RunTime:0.001000s ]

